0 info it worked if it ends with ok
1 verbose cli [ 'C:\\Program Files\\nodejs\\node.exe',
1 verbose cli   'C:\\Program Files\\nodejs\\node_modules\\npm\\bin\\npm-cli.js',
1 verbose cli   'install',
1 verbose cli   'fabric-client@v1.1.0',
1 verbose cli   '--save' ]
2 info using npm@3.10.10
3 info using node@v6.11.4
4 silly loadCurrentTree Starting
5 silly install loadCurrentTree
6 silly install readLocalPackageData
7 silly fetchPackageMetaData fabric-client@v1.1.0
8 silly fetchNamedPackageData fabric-client
9 silly mapToRegistry name fabric-client
10 silly mapToRegistry using default registry
11 silly mapToRegistry registry https://registry.npmjs.org/
12 silly mapToRegistry data Result {
12 silly mapToRegistry   raw: 'fabric-client',
12 silly mapToRegistry   scope: null,
12 silly mapToRegistry   escapedName: 'fabric-client',
12 silly mapToRegistry   name: 'fabric-client',
12 silly mapToRegistry   rawSpec: '',
12 silly mapToRegistry   spec: 'latest',
12 silly mapToRegistry   type: 'tag' }
13 silly mapToRegistry uri https://registry.npmjs.org/fabric-client
14 verbose request uri https://registry.npmjs.org/fabric-client
15 verbose request no auth needed
16 info attempt registry request try #1 at 1:55:38 AM
17 verbose request id 27ea5632531806e6
18 verbose etag "5ae09c7f-9784f"
19 verbose lastModified Wed, 25 Apr 2018 15:19:27 GMT
20 http request GET https://registry.npmjs.org/fabric-client
21 http 304 https://registry.npmjs.org/fabric-client
22 verbose headers { date: 'Tue, 01 May 2018 13:47:09 GMT',
22 verbose headers   via: '1.1 varnish',
22 verbose headers   'cache-control': 'max-age=300',
22 verbose headers   etag: '"5ae09c7f-9784f"',
22 verbose headers   age: '6198',
22 verbose headers   connection: 'keep-alive',
22 verbose headers   'x-served-by': 'cache-sin18030-SIN',
22 verbose headers   'x-cache': 'HIT',
22 verbose headers   'x-cache-hits': '1',
22 verbose headers   'x-timer': 'S1525182430.504195,VS0,VE1',
22 verbose headers   vary: 'Accept-Encoding, Accept' }
23 silly get cb [ 304,
23 silly get   { date: 'Tue, 01 May 2018 13:47:09 GMT',
23 silly get     via: '1.1 varnish',
23 silly get     'cache-control': 'max-age=300',
23 silly get     etag: '"5ae09c7f-9784f"',
23 silly get     age: '6198',
23 silly get     connection: 'keep-alive',
23 silly get     'x-served-by': 'cache-sin18030-SIN',
23 silly get     'x-cache': 'HIT',
23 silly get     'x-cache-hits': '1',
23 silly get     'x-timer': 'S1525182430.504195,VS0,VE1',
23 silly get     vary: 'Accept-Encoding, Accept' } ]
24 verbose etag https://registry.npmjs.org/fabric-client from cache
25 verbose get saving fabric-client to C:\Users\Shubham\AppData\Roaming\npm-cache\registry.npmjs.org\fabric-client\.cache.json
26 verbose correctMkdir C:\Users\Shubham\AppData\Roaming\npm-cache correctMkdir not in flight; initializing
27 silly install normalizeTree
28 silly loadCurrentTree Finishing
29 silly loadIdealTree Starting
30 silly install loadIdealTree
31 silly cloneCurrentTree Starting
32 silly install cloneCurrentTreeToIdealTree
33 silly cloneCurrentTree Finishing
34 silly loadShrinkwrap Starting
35 silly install loadShrinkwrap
36 silly loadShrinkwrap Finishing
37 silly loadAllDepsIntoIdealTree Starting
38 silly install loadAllDepsIntoIdealTree
39 silly resolveWithNewModule fabric-client@1.1.0 checking installable status
40 silly cache add args [ 'fabric-client@v1.1.0', null ]
41 verbose cache add spec fabric-client@v1.1.0
42 silly cache add parsed spec Result {
42 silly cache add   raw: 'fabric-client@v1.1.0',
42 silly cache add   scope: null,
42 silly cache add   escapedName: 'fabric-client',
42 silly cache add   name: 'fabric-client',
42 silly cache add   rawSpec: 'v1.1.0',
42 silly cache add   spec: '1.1.0',
42 silly cache add   type: 'version' }
43 silly addNamed fabric-client@1.1.0
44 verbose addNamed "1.1.0" is a plain semver version for fabric-client
45 silly mapToRegistry name fabric-client
46 silly mapToRegistry using default registry
47 silly mapToRegistry registry https://registry.npmjs.org/
48 silly mapToRegistry data Result {
48 silly mapToRegistry   raw: 'fabric-client',
48 silly mapToRegistry   scope: null,
48 silly mapToRegistry   escapedName: 'fabric-client',
48 silly mapToRegistry   name: 'fabric-client',
48 silly mapToRegistry   rawSpec: '',
48 silly mapToRegistry   spec: 'latest',
48 silly mapToRegistry   type: 'tag' }
49 silly mapToRegistry uri https://registry.npmjs.org/fabric-client
50 verbose addNameVersion registry:https://registry.npmjs.org/fabric-client not in flight; fetching
51 verbose get https://registry.npmjs.org/fabric-client not expired, no request
52 silly cache afterAdd fabric-client@1.1.0
53 verbose afterAdd C:\Users\Shubham\AppData\Roaming\npm-cache\fabric-client\1.1.0\package\package.json not in flight; writing
54 verbose correctMkdir C:\Users\Shubham\AppData\Roaming\npm-cache correctMkdir not in flight; initializing
55 verbose afterAdd C:\Users\Shubham\AppData\Roaming\npm-cache\fabric-client\1.1.0\package\package.json written
56 silly fetchNamedPackageData pkcs11js
57 silly mapToRegistry name pkcs11js
58 silly mapToRegistry using default registry
59 silly mapToRegistry registry https://registry.npmjs.org/
60 silly mapToRegistry data Result {
60 silly mapToRegistry   raw: 'pkcs11js',
60 silly mapToRegistry   scope: null,
60 silly mapToRegistry   escapedName: 'pkcs11js',
60 silly mapToRegistry   name: 'pkcs11js',
60 silly mapToRegistry   rawSpec: '',
60 silly mapToRegistry   spec: 'latest',
60 silly mapToRegistry   type: 'tag' }
61 silly mapToRegistry uri https://registry.npmjs.org/pkcs11js
62 verbose request uri https://registry.npmjs.org/pkcs11js
63 verbose request no auth needed
64 info attempt registry request try #1 at 1:55:39 AM
65 verbose etag "5aba38ab-af65"
66 verbose lastModified Tue, 27 Mar 2018 12:27:23 GMT
67 http request GET https://registry.npmjs.org/pkcs11js
68 http 304 https://registry.npmjs.org/pkcs11js
69 verbose headers { date: 'Tue, 01 May 2018 13:47:10 GMT',
69 verbose headers   via: '1.1 varnish',
69 verbose headers   'cache-control': 'max-age=300',
69 verbose headers   etag: '"5aba38ab-af65"',
69 verbose headers   age: '4341',
69 verbose headers   connection: 'keep-alive',
69 verbose headers   'x-served-by': 'cache-sin18030-SIN',
69 verbose headers   'x-cache': 'HIT',
69 verbose headers   'x-cache-hits': '1',
69 verbose headers   'x-timer': 'S1525182430.193046,VS0,VE1',
69 verbose headers   vary: 'Accept-Encoding, Accept' }
70 silly get cb [ 304,
70 silly get   { date: 'Tue, 01 May 2018 13:47:10 GMT',
70 silly get     via: '1.1 varnish',
70 silly get     'cache-control': 'max-age=300',
70 silly get     etag: '"5aba38ab-af65"',
70 silly get     age: '4341',
70 silly get     connection: 'keep-alive',
70 silly get     'x-served-by': 'cache-sin18030-SIN',
70 silly get     'x-cache': 'HIT',
70 silly get     'x-cache-hits': '1',
70 silly get     'x-timer': 'S1525182430.193046,VS0,VE1',
70 silly get     vary: 'Accept-Encoding, Accept' } ]
71 verbose etag https://registry.npmjs.org/pkcs11js from cache
72 verbose get saving pkcs11js to C:\Users\Shubham\AppData\Roaming\npm-cache\registry.npmjs.org\pkcs11js\.cache.json
73 verbose correctMkdir C:\Users\Shubham\AppData\Roaming\npm-cache correctMkdir not in flight; initializing
74 silly resolveWithNewModule pkcs11js@1.0.15 checking installable status
75 silly cache add args [ 'pkcs11js@^1.0.6', null ]
76 verbose cache add spec pkcs11js@^1.0.6
77 silly cache add parsed spec Result {
77 silly cache add   raw: 'pkcs11js@^1.0.6',
77 silly cache add   scope: null,
77 silly cache add   escapedName: 'pkcs11js',
77 silly cache add   name: 'pkcs11js',
77 silly cache add   rawSpec: '^1.0.6',
77 silly cache add   spec: '>=1.0.6 <2.0.0',
77 silly cache add   type: 'range' }
78 silly addNamed pkcs11js@>=1.0.6 <2.0.0
79 verbose addNamed ">=1.0.6 <2.0.0" is a valid semver range for pkcs11js
80 silly addNameRange { name: 'pkcs11js', range: '>=1.0.6 <2.0.0', hasData: false }
81 silly mapToRegistry name pkcs11js
82 silly mapToRegistry using default registry
83 silly mapToRegistry registry https://registry.npmjs.org/
84 silly mapToRegistry data Result {
84 silly mapToRegistry   raw: 'pkcs11js',
84 silly mapToRegistry   scope: null,
84 silly mapToRegistry   escapedName: 'pkcs11js',
84 silly mapToRegistry   name: 'pkcs11js',
84 silly mapToRegistry   rawSpec: '',
84 silly mapToRegistry   spec: 'latest',
84 silly mapToRegistry   type: 'tag' }
85 silly mapToRegistry uri https://registry.npmjs.org/pkcs11js
86 verbose addNameRange registry:https://registry.npmjs.org/pkcs11js not in flight; fetching
87 verbose get https://registry.npmjs.org/pkcs11js not expired, no request
88 silly addNameRange number 2 { name: 'pkcs11js', range: '>=1.0.6 <2.0.0', hasData: true }
89 silly addNameRange versions [ 'pkcs11js',
89 silly addNameRange   [ '1.0.0',
89 silly addNameRange     '1.0.1',
89 silly addNameRange     '1.0.2',
89 silly addNameRange     '1.0.3',
89 silly addNameRange     '1.0.4',
89 silly addNameRange     '1.0.5',
89 silly addNameRange     '1.0.6',
89 silly addNameRange     '1.0.7',
89 silly addNameRange     '1.0.8',
89 silly addNameRange     '1.0.9',
89 silly addNameRange     '1.0.10',
89 silly addNameRange     '1.0.11',
89 silly addNameRange     '1.0.12',
89 silly addNameRange     '1.0.13',
89 silly addNameRange     '1.0.14',
89 silly addNameRange     '1.0.15' ] ]
90 silly addNamed pkcs11js@1.0.15
91 verbose addNamed "1.0.15" is a plain semver version for pkcs11js
92 silly cache afterAdd pkcs11js@1.0.15
93 verbose afterAdd C:\Users\Shubham\AppData\Roaming\npm-cache\pkcs11js\1.0.15\package\package.json not in flight; writing
94 verbose correctMkdir C:\Users\Shubham\AppData\Roaming\npm-cache correctMkdir not in flight; initializing
95 verbose afterAdd C:\Users\Shubham\AppData\Roaming\npm-cache\pkcs11js\1.0.15\package\package.json written
96 silly fetchNamedPackageData nan
97 silly mapToRegistry name nan
98 silly mapToRegistry using default registry
99 silly mapToRegistry registry https://registry.npmjs.org/
100 silly mapToRegistry data Result {
100 silly mapToRegistry   raw: 'nan',
100 silly mapToRegistry   scope: null,
100 silly mapToRegistry   escapedName: 'nan',
100 silly mapToRegistry   name: 'nan',
100 silly mapToRegistry   rawSpec: '',
100 silly mapToRegistry   spec: 'latest',
100 silly mapToRegistry   type: 'tag' }
101 silly mapToRegistry uri https://registry.npmjs.org/nan
102 verbose request uri https://registry.npmjs.org/nan
103 verbose request no auth needed
104 info attempt registry request try #1 at 1:55:39 AM
105 verbose etag "5aabecc7-229f2"
106 verbose lastModified Fri, 16 Mar 2018 16:11:51 GMT
107 http request GET https://registry.npmjs.org/nan
108 http 304 https://registry.npmjs.org/nan
109 verbose headers { date: 'Tue, 01 May 2018 13:47:10 GMT',
109 verbose headers   via: '1.1 varnish',
109 verbose headers   'cache-control': 'max-age=300',
109 verbose headers   etag: '"5aabecc7-229f2"',
109 verbose headers   age: '7452',
109 verbose headers   connection: 'keep-alive',
109 verbose headers   'x-served-by': 'cache-sin18030-SIN',
109 verbose headers   'x-cache': 'HIT',
109 verbose headers   'x-cache-hits': '62',
109 verbose headers   'x-timer': 'S1525182431.531916,VS0,VE0',
109 verbose headers   vary: 'Accept-Encoding, Accept' }
110 silly get cb [ 304,
110 silly get   { date: 'Tue, 01 May 2018 13:47:10 GMT',
110 silly get     via: '1.1 varnish',
110 silly get     'cache-control': 'max-age=300',
110 silly get     etag: '"5aabecc7-229f2"',
110 silly get     age: '7452',
110 silly get     connection: 'keep-alive',
110 silly get     'x-served-by': 'cache-sin18030-SIN',
110 silly get     'x-cache': 'HIT',
110 silly get     'x-cache-hits': '62',
110 silly get     'x-timer': 'S1525182431.531916,VS0,VE0',
110 silly get     vary: 'Accept-Encoding, Accept' } ]
111 verbose etag https://registry.npmjs.org/nan from cache
112 verbose get saving nan to C:\Users\Shubham\AppData\Roaming\npm-cache\registry.npmjs.org\nan\.cache.json
113 verbose correctMkdir C:\Users\Shubham\AppData\Roaming\npm-cache correctMkdir not in flight; initializing
114 silly resolveWithNewModule nan@2.10.0 checking installable status
115 silly cache add args [ 'nan@^2.10.0', null ]
116 verbose cache add spec nan@^2.10.0
117 silly cache add parsed spec Result {
117 silly cache add   raw: 'nan@^2.10.0',
117 silly cache add   scope: null,
117 silly cache add   escapedName: 'nan',
117 silly cache add   name: 'nan',
117 silly cache add   rawSpec: '^2.10.0',
117 silly cache add   spec: '>=2.10.0 <3.0.0',
117 silly cache add   type: 'range' }
118 silly addNamed nan@>=2.10.0 <3.0.0
119 verbose addNamed ">=2.10.0 <3.0.0" is a valid semver range for nan
120 silly addNameRange { name: 'nan', range: '>=2.10.0 <3.0.0', hasData: false }
121 silly mapToRegistry name nan
122 silly mapToRegistry using default registry
123 silly mapToRegistry registry https://registry.npmjs.org/
124 silly mapToRegistry data Result {
124 silly mapToRegistry   raw: 'nan',
124 silly mapToRegistry   scope: null,
124 silly mapToRegistry   escapedName: 'nan',
124 silly mapToRegistry   name: 'nan',
124 silly mapToRegistry   rawSpec: '',
124 silly mapToRegistry   spec: 'latest',
124 silly mapToRegistry   type: 'tag' }
125 silly mapToRegistry uri https://registry.npmjs.org/nan
126 verbose addNameRange registry:https://registry.npmjs.org/nan not in flight; fetching
127 verbose get https://registry.npmjs.org/nan not expired, no request
128 silly addNameRange number 2 { name: 'nan', range: '>=2.10.0 <3.0.0', hasData: true }
129 silly addNameRange versions [ 'nan',
129 silly addNameRange   [ '0.3.0-wip',
129 silly addNameRange     '0.3.0-wip2',
129 silly addNameRange     '0.3.0',
129 silly addNameRange     '0.3.1',
129 silly addNameRange     '0.3.2',
129 silly addNameRange     '0.4.0',
129 silly addNameRange     '0.4.1',
129 silly addNameRange     '0.4.2',
129 silly addNameRange     '0.4.3',
129 silly addNameRange     '0.4.4',
129 silly addNameRange     '0.5.0',
129 silly addNameRange     '0.5.1',
129 silly addNameRange     '0.5.2',
129 silly addNameRange     '0.6.0',
129 silly addNameRange     '0.7.0',
129 silly addNameRange     '0.7.1',
129 silly addNameRange     '0.8.0',
129 silly addNameRange     '1.0.0',
129 silly addNameRange     '1.1.0',
129 silly addNameRange     '1.1.1',
129 silly addNameRange     '1.1.2',
129 silly addNameRange     '1.2.0',
129 silly addNameRange     '1.3.0',
129 silly addNameRange     '1.4.0',
129 silly addNameRange     '1.4.1',
129 silly addNameRange     '1.5.0',
129 silly addNameRange     '1.4.2',
129 silly addNameRange     '1.4.3',
129 silly addNameRange     '1.5.1',
129 silly addNameRange     '1.5.2',
129 silly addNameRange     '1.6.0',
129 silly addNameRange     '1.5.3',
129 silly addNameRange     '1.6.1',
129 silly addNameRange     '1.6.2',
129 silly addNameRange     '1.7.0',
129 silly addNameRange     '1.8.0',
129 silly addNameRange     '1.8.1',
129 silly addNameRange     '1.8.2',
129 silly addNameRange     '1.8.3',
129 silly addNameRange     '1.8.4',
129 silly addNameRange     '1.9.0',
129 silly addNameRange     '2.0.0',
129 silly addNameRange     '2.0.1',
129 silly addNameRange     '2.0.2',
129 silly addNameRange     '2.0.3',
129 silly addNameRange     '2.0.4',
129 silly addNameRange     '2.0.5',
129 silly addNameRange     '2.0.6',
129 silly addNameRange     '2.0.7',
129 silly addNameRange     '2.0.8',
129 silly addNameRange     '2.0.9',
129 silly addNameRange     '2.1.0',
129 silly addNameRange     '2.2.0',
129 silly addNameRange     '2.2.1',
129 silly addNameRange     '2.3.0',
129 silly addNameRange     '2.3.1',
129 silly addNameRange     '2.3.2',
129 silly addNameRange     '2.3.3',
129 silly addNameRange     '2.3.4',
129 silly addNameRange     '2.3.5',
129 silly addNameRange     '2.4.0',
129 silly addNameRange     '2.5.0',
129 silly addNameRange     '2.5.1',
129 silly addNameRange     '2.6.0',
129 silly addNameRange     '2.6.1',
129 silly addNameRange     '2.6.2',
129 silly addNameRange     '2.7.0',
129 silly addNameRange     '2.8.0',
129 silly addNameRange     '2.9.1',
129 silly addNameRange     '2.9.2',
129 silly addNameRange     '2.10.0' ] ]
130 silly addNamed nan@2.10.0
131 verbose addNamed "2.10.0" is a plain semver version for nan
132 silly cache afterAdd nan@2.10.0
133 verbose afterAdd C:\Users\Shubham\AppData\Roaming\npm-cache\nan\2.10.0\package\package.json not in flight; writing
134 verbose correctMkdir C:\Users\Shubham\AppData\Roaming\npm-cache correctMkdir not in flight; initializing
135 verbose afterAdd C:\Users\Shubham\AppData\Roaming\npm-cache\nan\2.10.0\package\package.json written
136 silly loadAllDepsIntoIdealTree Finishing
137 silly loadIdealTree Finishing
138 silly currentTree assetmanagement_server@1.0.0
138 silly currentTree +-- abbrev@1.1.1
138 silly currentTree +-- accepts@1.3.5
138 silly currentTree +-- ajv@5.5.2
138 silly currentTree +-- amqplib@0.5.2
138 silly currentTree | +-- isarray@0.0.1
138 silly currentTree | +-- readable-stream@1.1.14
138 silly currentTree | `-- string_decoder@0.10.31
138 silly currentTree +-- ansi-regex@2.1.1
138 silly currentTree +-- append-field@0.1.0
138 silly currentTree +-- aproba@1.2.0
138 silly currentTree +-- are-we-there-yet@1.1.4
138 silly currentTree +-- argparse@1.0.10
138 silly currentTree +-- array-flatten@1.1.1
138 silly currentTree +-- ascli@1.0.1
138 silly currentTree +-- asn1@0.2.3
138 silly currentTree +-- assert-plus@1.0.0
138 silly currentTree +-- async@1.5.2
138 silly currentTree +-- asynckit@0.4.0
138 silly currentTree +-- aws-sign2@0.7.0
138 silly currentTree +-- aws4@1.7.0
138 silly currentTree +-- balanced-match@1.0.0
138 silly currentTree +-- base64url@2.0.0
138 silly currentTree +-- bcrypt-pbkdf@1.0.1
138 silly currentTree +-- bcrypt@1.0.3
138 silly currentTree +-- bitsyntax@0.0.4
138 silly currentTree +-- bl@1.2.2
138 silly currentTree +-- block-stream@0.0.9
138 silly currentTree +-- bluebird@3.5.1
138 silly currentTree +-- bn.js@4.11.8
138 silly currentTree +-- body-parser@1.18.2
138 silly currentTree +-- boom@4.3.1
138 silly currentTree +-- brace-expansion@1.1.11
138 silly currentTree +-- brorand@1.1.0
138 silly currentTree +-- browser-request@0.3.3
138 silly currentTree +-- bson@1.0.6
138 silly currentTree +-- buffer-equal-constant-time@1.0.1
138 silly currentTree +-- buffer-from@1.0.0
138 silly currentTree +-- buffer-more-ints@0.0.2
138 silly currentTree +-- buffer-shims@1.0.0
138 silly currentTree +-- bunyan@1.8.12
138 silly currentTree +-- busboy@0.2.14
138 silly currentTree | +-- isarray@0.0.1
138 silly currentTree | +-- readable-stream@1.1.14
138 silly currentTree | `-- string_decoder@0.10.31
138 silly currentTree +-- bytebuffer@5.0.1
138 silly currentTree +-- bytes@3.0.0
138 silly currentTree +-- callsite@1.0.0
138 silly currentTree +-- camelcase@2.1.1
138 silly currentTree +-- camelize@1.0.0
138 silly currentTree +-- caseless@0.12.0
138 silly currentTree +-- cliui@3.2.0
138 silly currentTree +-- clone-regexp@1.0.1
138 silly currentTree +-- cloudant-follow@0.16.1
138 silly currentTree | `-- debug@3.1.0
138 silly currentTree +-- co@4.6.0
138 silly currentTree +-- code-point-at@1.1.0
138 silly currentTree +-- colors@1.0.3
138 silly currentTree +-- colour@0.7.1
138 silly currentTree +-- combined-stream@1.0.6
138 silly currentTree +-- compressible@2.0.13
138 silly currentTree +-- compression@1.7.2
138 silly currentTree | `-- safe-buffer@5.1.1
138 silly currentTree +-- concat-map@0.0.1
138 silly currentTree +-- concat-stream@1.6.2
138 silly currentTree +-- console-control-strings@1.1.0
138 silly currentTree +-- content-disposition@0.5.2
138 silly currentTree +-- content-security-policy-builder@2.0.0
138 silly currentTree +-- content-type@1.0.4
138 silly currentTree +-- cookie-parser@1.4.3
138 silly currentTree +-- cookie-signature@1.0.6
138 silly currentTree +-- cookie@0.3.1
138 silly currentTree +-- core-util-is@1.0.2
138 silly currentTree +-- cors@2.8.4
138 silly currentTree +-- cryptiles@3.1.2
138 silly currentTree | `-- boom@5.2.0
138 silly currentTree +-- csrf@3.0.6
138 silly currentTree +-- csurf@1.9.0
138 silly currentTree | +-- http-errors@1.5.1
138 silly currentTree | `-- setprototypeof@1.0.2
138 silly currentTree +-- csv-generate@1.1.2
138 silly currentTree +-- csv-parse@1.3.3
138 silly currentTree +-- csv-stringify@1.1.2
138 silly currentTree +-- csv@1.2.1
138 silly currentTree +-- cycle@1.0.3
138 silly currentTree +-- dashdash@1.14.1
138 silly currentTree +-- dasherize@2.0.0
138 silly currentTree +-- debug@2.6.9
138 silly currentTree +-- decamelize@1.2.0
138 silly currentTree +-- deep-extend@0.5.1
138 silly currentTree +-- delayed-stream@1.0.0
138 silly currentTree +-- delegates@1.0.0
138 silly currentTree +-- depd@1.1.2
138 silly currentTree +-- destroy@1.0.4
138 silly currentTree +-- detect-node@2.0.3
138 silly currentTree +-- dicer@0.2.5
138 silly currentTree | +-- isarray@0.0.1
138 silly currentTree | +-- readable-stream@1.1.14
138 silly currentTree | `-- string_decoder@0.10.31
138 silly currentTree +-- dns-prefetch-control@0.1.0
138 silly currentTree +-- dont-sniff-mimetype@1.0.0
138 silly currentTree +-- dtrace-provider@0.8.6
138 silly currentTree +-- ecc-jsbn@0.1.1
138 silly currentTree +-- ecdsa-sig-formatter@1.0.9
138 silly currentTree +-- ee-first@1.1.1
138 silly currentTree +-- elliptic@6.4.0
138 silly currentTree +-- encodeurl@1.0.2
138 silly currentTree +-- end-of-stream@1.4.1
138 silly currentTree +-- errs@0.3.2
138 silly currentTree +-- es6-promise@3.2.1
138 silly currentTree +-- escape-html@1.0.3
138 silly currentTree +-- escape-regexp-component@1.0.2
138 silly currentTree +-- esprima@4.0.0
138 silly currentTree +-- etag@1.8.1
138 silly currentTree +-- ewma@2.0.1
138 silly currentTree +-- expect-ct@0.1.0
138 silly currentTree +-- express@4.16.3
138 silly currentTree | +-- safe-buffer@5.1.1
138 silly currentTree | `-- statuses@1.4.0
138 silly currentTree +-- extend@3.0.1
138 silly currentTree +-- extsprintf@1.3.0
138 silly currentTree +-- eyes@0.1.8
138 silly currentTree +-- fast-deep-equal@1.1.0
138 silly currentTree +-- fast-json-stable-stringify@2.0.0
138 silly currentTree +-- finalhandler@1.1.1
138 silly currentTree | `-- statuses@1.4.0
138 silly currentTree +-- forever-agent@0.6.1
138 silly currentTree +-- form-data@2.3.2
138 silly currentTree +-- formidable@1.2.1
138 silly currentTree +-- forwarded@0.1.2
138 silly currentTree +-- frameguard@3.0.0
138 silly currentTree +-- fresh@0.5.2
138 silly currentTree +-- fs-extra@0.30.0
138 silly currentTree +-- fs.realpath@1.0.0
138 silly currentTree +-- fs@0.0.2
138 silly currentTree +-- fstream-ignore@1.0.5
138 silly currentTree +-- fstream@1.0.11
138 silly currentTree +-- gauge@2.7.4
138 silly currentTree +-- getpass@0.1.7
138 silly currentTree +-- glob@7.1.2
138 silly currentTree +-- graceful-fs@4.1.11
138 silly currentTree +-- grpc@1.11.0
138 silly currentTree | +-- abbrev@1.1.1
138 silly currentTree | +-- ajv@5.5.2
138 silly currentTree | +-- ansi-regex@2.1.1
138 silly currentTree | +-- aproba@1.2.0
138 silly currentTree | +-- are-we-there-yet@1.1.4
138 silly currentTree | +-- asn1@0.2.3
138 silly currentTree | +-- assert-plus@1.0.0
138 silly currentTree | +-- asynckit@0.4.0
138 silly currentTree | +-- aws-sign2@0.7.0
138 silly currentTree | +-- aws4@1.7.0
138 silly currentTree | +-- balanced-match@1.0.0
138 silly currentTree | +-- bcrypt-pbkdf@1.0.1
138 silly currentTree | +-- block-stream@0.0.9
138 silly currentTree | +-- boom@4.3.1
138 silly currentTree | +-- brace-expansion@1.1.11
138 silly currentTree | +-- caseless@0.12.0
138 silly currentTree | +-- co@4.6.0
138 silly currentTree | +-- code-point-at@1.1.0
138 silly currentTree | +-- combined-stream@1.0.6
138 silly currentTree | +-- concat-map@0.0.1
138 silly currentTree | +-- console-control-strings@1.1.0
138 silly currentTree | +-- core-util-is@1.0.2
138 silly currentTree | +-- cryptiles@3.1.2
138 silly currentTree | | `-- boom@5.2.0
138 silly currentTree | +-- dashdash@1.14.1
138 silly currentTree | +-- debug@2.6.9
138 silly currentTree | +-- deep-extend@0.4.2
138 silly currentTree | +-- delayed-stream@1.0.0
138 silly currentTree | +-- delegates@1.0.0
138 silly currentTree | +-- detect-libc@1.0.3
138 silly currentTree | +-- ecc-jsbn@0.1.1
138 silly currentTree | +-- extend@3.0.1
138 silly currentTree | +-- extsprintf@1.3.0
138 silly currentTree | +-- fast-deep-equal@1.1.0
138 silly currentTree | +-- fast-json-stable-stringify@2.0.0
138 silly currentTree | +-- forever-agent@0.6.1
138 silly currentTree | +-- form-data@2.3.2
138 silly currentTree | +-- fs.realpath@1.0.0
138 silly currentTree | +-- fstream-ignore@1.0.5
138 silly currentTree | +-- fstream@1.0.11
138 silly currentTree | +-- gauge@2.7.4
138 silly currentTree | +-- getpass@0.1.7
138 silly currentTree | +-- glob@7.1.2
138 silly currentTree | +-- graceful-fs@4.1.11
138 silly currentTree | +-- har-schema@2.0.0
138 silly currentTree | +-- har-validator@5.0.3
138 silly currentTree | +-- has-unicode@2.0.1
138 silly currentTree | +-- hawk@6.0.2
138 silly currentTree | +-- hoek@4.2.1
138 silly currentTree | +-- http-signature@1.2.0
138 silly currentTree | +-- inflight@1.0.6
138 silly currentTree | +-- inherits@2.0.3
138 silly currentTree | +-- ini@1.3.5
138 silly currentTree | +-- is-fullwidth-code-point@1.0.0
138 silly currentTree | +-- is-typedarray@1.0.0
138 silly currentTree | +-- isarray@1.0.0
138 silly currentTree | +-- isstream@0.1.2
138 silly currentTree | +-- jsbn@0.1.1
138 silly currentTree | +-- json-schema-traverse@0.3.1
138 silly currentTree | +-- json-schema@0.2.3
138 silly currentTree | +-- json-stringify-safe@5.0.1
138 silly currentTree | +-- jsprim@1.4.1
138 silly currentTree | +-- mime-db@1.33.0
138 silly currentTree | +-- mime-types@2.1.18
138 silly currentTree | +-- minimatch@3.0.4
138 silly currentTree | +-- minimist@1.2.0
138 silly currentTree | +-- mkdirp@0.5.1
138 silly currentTree | | `-- minimist@0.0.8
138 silly currentTree | +-- ms@2.0.0
138 silly currentTree | +-- node-pre-gyp@0.7.0
138 silly currentTree | +-- nopt@4.0.1
138 silly currentTree | +-- npmlog@4.1.2
138 silly currentTree | +-- number-is-nan@1.0.1
138 silly currentTree | +-- oauth-sign@0.8.2
138 silly currentTree | +-- object-assign@4.1.1
138 silly currentTree | +-- once@1.4.0
138 silly currentTree | +-- os-homedir@1.0.2
138 silly currentTree | +-- os-tmpdir@1.0.2
138 silly currentTree | +-- osenv@0.1.5
138 silly currentTree | +-- path-is-absolute@1.0.1
138 silly currentTree | +-- performance-now@2.1.0
138 silly currentTree | +-- process-nextick-args@2.0.0
138 silly currentTree | +-- punycode@1.4.1
138 silly currentTree | +-- qs@6.5.1
138 silly currentTree | +-- rc@1.2.6
138 silly currentTree | +-- readable-stream@2.3.6
138 silly currentTree | +-- request@2.83.0
138 silly currentTree | +-- rimraf@2.6.2
138 silly currentTree | +-- safe-buffer@5.1.1
138 silly currentTree | +-- semver@5.5.0
138 silly currentTree | +-- set-blocking@2.0.0
138 silly currentTree | +-- signal-exit@3.0.2
138 silly currentTree | +-- sntp@2.1.0
138 silly currentTree | +-- sshpk@1.14.1
138 silly currentTree | +-- string_decoder@1.1.1
138 silly currentTree | +-- string-width@1.0.2
138 silly currentTree | +-- stringstream@0.0.5
138 silly currentTree | +-- strip-ansi@3.0.1
138 silly currentTree | +-- strip-json-comments@2.0.1
138 silly currentTree | +-- tar-pack@3.4.1
138 silly currentTree | +-- tar@2.2.1
138 silly currentTree | +-- tough-cookie@2.3.4
138 silly currentTree | +-- tunnel-agent@0.6.0
138 silly currentTree | +-- tweetnacl@0.14.5
138 silly currentTree | +-- uid-number@0.0.6
138 silly currentTree | +-- util-deprecate@1.0.2
138 silly currentTree | +-- uuid@3.2.1
138 silly currentTree | +-- verror@1.10.0
138 silly currentTree | +-- wide-align@1.1.2
138 silly currentTree | `-- wrappy@1.0.2
138 silly currentTree +-- handle-thing@1.2.5
138 silly currentTree +-- har-schema@2.0.0
138 silly currentTree +-- har-validator@5.0.3
138 silly currentTree +-- has-unicode@2.0.1
138 silly currentTree +-- hash.js@1.1.3
138 silly currentTree +-- hawk@6.0.2
138 silly currentTree +-- helmet-csp@2.7.0
138 silly currentTree +-- helmet@3.12.0
138 silly currentTree +-- hide-powered-by@1.0.0
138 silly currentTree +-- hmac-drbg@1.0.1
138 silly currentTree +-- hoek@4.2.1
138 silly currentTree +-- hpack.js@2.1.6
138 silly currentTree +-- hpkp@2.0.0
138 silly currentTree +-- hpp@0.2.2
138 silly currentTree +-- hsts@2.1.0
138 silly currentTree +-- http-deceiver@1.2.7
138 silly currentTree +-- http-errors@1.6.3
138 silly currentTree +-- http-signature@1.2.0
138 silly currentTree +-- iconv-lite@0.4.19
138 silly currentTree +-- ienoopen@1.0.0
138 silly currentTree +-- ignore-walk@3.0.1
138 silly currentTree +-- inflight@1.0.6
138 silly currentTree +-- inherits@2.0.3
138 silly currentTree +-- ini@1.3.5
138 silly currentTree +-- invert-kv@1.0.0
138 silly currentTree +-- ipaddr.js@1.6.0
138 silly currentTree +-- is-fullwidth-code-point@1.0.0
138 silly currentTree +-- is-regexp@1.0.0
138 silly currentTree +-- is-supported-regexp-flag@1.0.1
138 silly currentTree +-- is-typedarray@1.0.0
138 silly currentTree +-- isarray@1.0.0
138 silly currentTree +-- isemail@1.2.0
138 silly currentTree +-- isstream@0.1.2
138 silly currentTree +-- joi@6.10.1
138 silly currentTree | `-- hoek@2.16.3
138 silly currentTree +-- js-sha3@0.5.7
138 silly currentTree +-- js-yaml@3.11.0
138 silly currentTree +-- jsbn@0.1.1
138 silly currentTree +-- json-schema-traverse@0.3.1
138 silly currentTree +-- json-schema@0.2.3
138 silly currentTree +-- json-stringify-safe@5.0.1
138 silly currentTree +-- jsonfile@2.4.0
138 silly currentTree +-- jsonwebtoken@8.2.1
138 silly currentTree | `-- ms@2.1.1
138 silly currentTree +-- jsprim@1.4.1
138 silly currentTree +-- jsrsasign@7.2.2
138 silly currentTree +-- jssha@2.3.1
138 silly currentTree +-- jwa@1.1.5
138 silly currentTree +-- jws@3.1.4
138 silly currentTree +-- klaw@1.3.1
138 silly currentTree +-- lcid@1.0.0
138 silly currentTree +-- lodash.get@4.4.2
138 silly currentTree +-- lodash.includes@4.3.0
138 silly currentTree +-- lodash.isboolean@3.0.3
138 silly currentTree +-- lodash.isinteger@4.0.4
138 silly currentTree +-- lodash.isnumber@3.0.3
138 silly currentTree +-- lodash.isplainobject@4.0.6
138 silly currentTree +-- lodash.isstring@4.0.1
138 silly currentTree +-- lodash.once@4.1.1
138 silly currentTree +-- lodash.reduce@4.6.0
138 silly currentTree +-- lodash@4.17.10
138 silly currentTree +-- log4js@0.6.38
138 silly currentTree | +-- isarray@0.0.1
138 silly currentTree | +-- readable-stream@1.0.34
138 silly currentTree | +-- semver@4.3.6
138 silly currentTree | `-- string_decoder@0.10.31
138 silly currentTree +-- long@3.2.0
138 silly currentTree +-- lru-cache@4.1.2
138 silly currentTree +-- media-typer@0.3.0
138 silly currentTree +-- merge-descriptors@1.0.1
138 silly currentTree +-- methods@1.1.2
138 silly currentTree +-- mime-db@1.33.0
138 silly currentTree +-- mime-types@2.1.18
138 silly currentTree +-- mime@1.4.1
138 silly currentTree +-- minimalistic-assert@1.0.1
138 silly currentTree +-- minimalistic-crypto-utils@1.0.1
138 silly currentTree +-- minimatch@3.0.4
138 silly currentTree +-- minimist@0.0.8
138 silly currentTree +-- mkdirp@0.5.1
138 silly currentTree +-- moment@2.22.1
138 silly currentTree +-- mongodb-core@2.1.19
138 silly currentTree +-- mongodb@2.2.35
138 silly currentTree | +-- process-nextick-args@1.0.7
138 silly currentTree | +-- readable-stream@2.2.7
138 silly currentTree | `-- string_decoder@1.0.3
138 silly currentTree +-- ms@2.0.0
138 silly currentTree +-- multer@1.3.0
138 silly currentTree | `-- object-assign@3.0.0
138 silly currentTree +-- mv@2.1.1
138 silly currentTree | +-- glob@6.0.4
138 silly currentTree | `-- rimraf@2.4.5
138 silly currentTree +-- nan@2.6.2
138 silly currentTree +-- nano@6.4.3
138 silly currentTree | `-- request@2.83.0
138 silly currentTree +-- nconf@0.8.5
138 silly currentTree +-- ncp@2.0.0
138 silly currentTree +-- negotiator@0.6.1
138 silly currentTree +-- nocache@2.0.0
138 silly currentTree +-- node-pre-gyp@0.6.36
138 silly currentTree +-- nopt@4.0.1
138 silly currentTree +-- npmlog@4.1.2
138 silly currentTree +-- number-is-nan@1.0.1
138 silly currentTree +-- oauth-sign@0.8.2
138 silly currentTree +-- object-assign@4.1.1
138 silly currentTree +-- obuf@1.1.2
138 silly currentTree +-- on-finished@2.3.0
138 silly currentTree +-- on-headers@1.0.1
138 silly currentTree +-- once@1.4.0
138 silly currentTree +-- optjs@3.2.2
138 silly currentTree +-- os-homedir@1.0.2
138 silly currentTree +-- os-locale@1.4.0
138 silly currentTree +-- os-tmpdir@1.0.2
138 silly currentTree +-- osenv@0.1.5
138 silly currentTree +-- parseurl@1.3.2
138 silly currentTree +-- passport-jwt@3.0.1
138 silly currentTree | `-- jsonwebtoken@7.4.3
138 silly currentTree +-- passport-strategy@1.0.0
138 silly currentTree +-- passport@0.4.0
138 silly currentTree +-- path-is-absolute@1.0.1
138 silly currentTree +-- path-to-regexp@0.1.7
138 silly currentTree +-- path@0.12.7
138 silly currentTree +-- pause@0.0.1
138 silly currentTree +-- performance-now@2.1.0
138 silly currentTree +-- pidusage@1.2.0
138 silly currentTree +-- platform@1.3.5
138 silly currentTree +-- process-nextick-args@2.0.0
138 silly currentTree +-- process@0.11.10
138 silly currentTree +-- promise-settle@0.3.0
138 silly currentTree +-- protobufjs@5.0.2
138 silly currentTree +-- proxy-addr@2.0.3
138 silly currentTree +-- pseudomap@1.0.2
138 silly currentTree +-- punycode@1.4.1
138 silly currentTree +-- qs@6.5.1
138 silly currentTree +-- querystring@0.2.0
138 silly currentTree +-- random-bytes@1.0.0
138 silly currentTree +-- range-parser@1.2.0
138 silly currentTree +-- raw-body@2.3.2
138 silly currentTree | +-- depd@1.1.1
138 silly currentTree | +-- http-errors@1.6.2
138 silly currentTree | `-- setprototypeof@1.0.3
138 silly currentTree +-- rc@1.2.7
138 silly currentTree | `-- minimist@1.2.0
138 silly currentTree +-- readable-stream@2.3.6
138 silly currentTree +-- referrer-policy@1.1.0
138 silly currentTree +-- request@2.85.0
138 silly currentTree +-- require_optional@1.0.1
138 silly currentTree +-- resolve-from@2.0.0
138 silly currentTree +-- restify-errors@5.0.0
138 silly currentTree +-- restify@6.3.4
138 silly currentTree +-- rimraf@2.6.2
138 silly currentTree +-- rndm@1.2.0
138 silly currentTree +-- safe-buffer@5.1.2
138 silly currentTree +-- safe-json-stringify@1.1.0
138 silly currentTree +-- secure-keys@1.0.0
138 silly currentTree +-- select-hose@2.0.0
138 silly currentTree +-- semver@5.5.0
138 silly currentTree +-- send@0.16.2
138 silly currentTree | `-- statuses@1.4.0
138 silly currentTree +-- serve-static@1.13.2
138 silly currentTree +-- set-blocking@2.0.0
138 silly currentTree +-- setprototypeof@1.1.0
138 silly currentTree +-- signal-exit@3.0.2
138 silly currentTree +-- sjcl-codec@0.1.1
138 silly currentTree +-- sjcl@1.0.7
138 silly currentTree +-- sntp@2.1.0
138 silly currentTree +-- spdy-transport@2.1.0
138 silly currentTree +-- spdy@3.4.7
138 silly currentTree +-- sprintf-js@1.0.3
138 silly currentTree +-- sshpk@1.14.1
138 silly currentTree +-- stack-trace@0.0.10
138 silly currentTree +-- statuses@1.5.0
138 silly currentTree +-- stream-buffers@3.0.1
138 silly currentTree +-- stream-transform@0.2.2
138 silly currentTree +-- streamsearch@0.1.2
138 silly currentTree +-- string_decoder@1.1.1
138 silly currentTree +-- string-width@1.0.2
138 silly currentTree +-- stringstream@0.0.5
138 silly currentTree +-- strip-ansi@3.0.1
138 silly currentTree +-- strip-json-comments@2.0.1
138 silly currentTree +-- tar-pack@3.4.1
138 silly currentTree +-- tar-stream@1.5.2
138 silly currentTree +-- tar@2.2.1
138 silly currentTree +-- topo@1.1.0
138 silly currentTree | `-- hoek@2.16.3
138 silly currentTree +-- tough-cookie@2.3.4
138 silly currentTree +-- tsscmp@1.0.5
138 silly currentTree +-- tunnel-agent@0.6.0
138 silly currentTree +-- tweetnacl@0.14.5
138 silly currentTree +-- type-is@1.6.16
138 silly currentTree +-- typedarray@0.0.6
138 silly currentTree +-- uid-number@0.0.6
138 silly currentTree +-- uid-safe@2.1.4
138 silly currentTree +-- underscore@1.9.0
138 silly currentTree +-- unpipe@1.0.0
138 silly currentTree +-- url@0.11.0
138 silly currentTree | `-- punycode@1.3.2
138 silly currentTree +-- util-deprecate@1.0.2
138 silly currentTree +-- util@0.10.3
138 silly currentTree | `-- inherits@2.0.1
138 silly currentTree +-- utils-merge@1.0.1
138 silly currentTree +-- uuid@3.2.1
138 silly currentTree +-- vary@1.1.2
138 silly currentTree +-- vasync@1.6.4
138 silly currentTree | +-- extsprintf@1.2.0
138 silly currentTree | `-- verror@1.6.0
138 silly currentTree +-- verror@1.10.0
138 silly currentTree +-- wbuf@1.7.3
138 silly currentTree +-- wide-align@1.1.2
138 silly currentTree +-- window-size@0.1.4
138 silly currentTree +-- winston@2.4.2
138 silly currentTree | `-- async@1.0.0
138 silly currentTree +-- wrap-ansi@2.1.0
138 silly currentTree +-- wrappy@1.0.2
138 silly currentTree +-- x-xss-protection@1.1.0
138 silly currentTree +-- xtend@4.0.1
138 silly currentTree +-- y18n@3.2.1
138 silly currentTree +-- yallist@2.1.2
138 silly currentTree `-- yargs@3.32.0
139 silly idealTree assetmanagement_server@1.0.0
139 silly idealTree +-- abbrev@1.1.1
139 silly idealTree +-- accepts@1.3.5
139 silly idealTree +-- ajv@5.5.2
139 silly idealTree +-- amqplib@0.5.2
139 silly idealTree | +-- isarray@0.0.1
139 silly idealTree | +-- readable-stream@1.1.14
139 silly idealTree | `-- string_decoder@0.10.31
139 silly idealTree +-- ansi-regex@2.1.1
139 silly idealTree +-- append-field@0.1.0
139 silly idealTree +-- aproba@1.2.0
139 silly idealTree +-- are-we-there-yet@1.1.4
139 silly idealTree +-- argparse@1.0.10
139 silly idealTree +-- array-flatten@1.1.1
139 silly idealTree +-- ascli@1.0.1
139 silly idealTree +-- asn1@0.2.3
139 silly idealTree +-- assert-plus@1.0.0
139 silly idealTree +-- async@1.5.2
139 silly idealTree +-- asynckit@0.4.0
139 silly idealTree +-- aws-sign2@0.7.0
139 silly idealTree +-- aws4@1.7.0
139 silly idealTree +-- balanced-match@1.0.0
139 silly idealTree +-- base64url@2.0.0
139 silly idealTree +-- bcrypt-pbkdf@1.0.1
139 silly idealTree +-- bcrypt@1.0.3
139 silly idealTree +-- bitsyntax@0.0.4
139 silly idealTree +-- bl@1.2.2
139 silly idealTree +-- block-stream@0.0.9
139 silly idealTree +-- bluebird@3.5.1
139 silly idealTree +-- bn.js@4.11.8
139 silly idealTree +-- body-parser@1.18.2
139 silly idealTree +-- boom@4.3.1
139 silly idealTree +-- brace-expansion@1.1.11
139 silly idealTree +-- brorand@1.1.0
139 silly idealTree +-- browser-request@0.3.3
139 silly idealTree +-- bson@1.0.6
139 silly idealTree +-- buffer-equal-constant-time@1.0.1
139 silly idealTree +-- buffer-from@1.0.0
139 silly idealTree +-- buffer-more-ints@0.0.2
139 silly idealTree +-- buffer-shims@1.0.0
139 silly idealTree +-- bunyan@1.8.12
139 silly idealTree +-- busboy@0.2.14
139 silly idealTree | +-- isarray@0.0.1
139 silly idealTree | +-- readable-stream@1.1.14
139 silly idealTree | `-- string_decoder@0.10.31
139 silly idealTree +-- bytebuffer@5.0.1
139 silly idealTree +-- bytes@3.0.0
139 silly idealTree +-- callsite@1.0.0
139 silly idealTree +-- camelcase@2.1.1
139 silly idealTree +-- camelize@1.0.0
139 silly idealTree +-- caseless@0.12.0
139 silly idealTree +-- cliui@3.2.0
139 silly idealTree +-- clone-regexp@1.0.1
139 silly idealTree +-- cloudant-follow@0.16.1
139 silly idealTree | `-- debug@3.1.0
139 silly idealTree +-- co@4.6.0
139 silly idealTree +-- code-point-at@1.1.0
139 silly idealTree +-- colors@1.0.3
139 silly idealTree +-- colour@0.7.1
139 silly idealTree +-- combined-stream@1.0.6
139 silly idealTree +-- compressible@2.0.13
139 silly idealTree +-- compression@1.7.2
139 silly idealTree | `-- safe-buffer@5.1.1
139 silly idealTree +-- concat-map@0.0.1
139 silly idealTree +-- concat-stream@1.6.2
139 silly idealTree +-- console-control-strings@1.1.0
139 silly idealTree +-- content-disposition@0.5.2
139 silly idealTree +-- content-security-policy-builder@2.0.0
139 silly idealTree +-- content-type@1.0.4
139 silly idealTree +-- cookie-parser@1.4.3
139 silly idealTree +-- cookie-signature@1.0.6
139 silly idealTree +-- cookie@0.3.1
139 silly idealTree +-- core-util-is@1.0.2
139 silly idealTree +-- cors@2.8.4
139 silly idealTree +-- cryptiles@3.1.2
139 silly idealTree | `-- boom@5.2.0
139 silly idealTree +-- csrf@3.0.6
139 silly idealTree +-- csurf@1.9.0
139 silly idealTree | +-- http-errors@1.5.1
139 silly idealTree | `-- setprototypeof@1.0.2
139 silly idealTree +-- csv-generate@1.1.2
139 silly idealTree +-- csv-parse@1.3.3
139 silly idealTree +-- csv-stringify@1.1.2
139 silly idealTree +-- csv@1.2.1
139 silly idealTree +-- cycle@1.0.3
139 silly idealTree +-- dashdash@1.14.1
139 silly idealTree +-- dasherize@2.0.0
139 silly idealTree +-- debug@2.6.9
139 silly idealTree +-- decamelize@1.2.0
139 silly idealTree +-- deep-extend@0.5.1
139 silly idealTree +-- delayed-stream@1.0.0
139 silly idealTree +-- delegates@1.0.0
139 silly idealTree +-- depd@1.1.2
139 silly idealTree +-- destroy@1.0.4
139 silly idealTree +-- detect-node@2.0.3
139 silly idealTree +-- dicer@0.2.5
139 silly idealTree | +-- isarray@0.0.1
139 silly idealTree | +-- readable-stream@1.1.14
139 silly idealTree | `-- string_decoder@0.10.31
139 silly idealTree +-- dns-prefetch-control@0.1.0
139 silly idealTree +-- dont-sniff-mimetype@1.0.0
139 silly idealTree +-- dtrace-provider@0.8.6
139 silly idealTree +-- ecc-jsbn@0.1.1
139 silly idealTree +-- ecdsa-sig-formatter@1.0.9
139 silly idealTree +-- ee-first@1.1.1
139 silly idealTree +-- elliptic@6.4.0
139 silly idealTree +-- encodeurl@1.0.2
139 silly idealTree +-- end-of-stream@1.4.1
139 silly idealTree +-- errs@0.3.2
139 silly idealTree +-- es6-promise@3.2.1
139 silly idealTree +-- escape-html@1.0.3
139 silly idealTree +-- escape-regexp-component@1.0.2
139 silly idealTree +-- esprima@4.0.0
139 silly idealTree +-- etag@1.8.1
139 silly idealTree +-- ewma@2.0.1
139 silly idealTree +-- expect-ct@0.1.0
139 silly idealTree +-- express@4.16.3
139 silly idealTree | +-- safe-buffer@5.1.1
139 silly idealTree | `-- statuses@1.4.0
139 silly idealTree +-- extend@3.0.1
139 silly idealTree +-- extsprintf@1.3.0
139 silly idealTree +-- eyes@0.1.8
139 silly idealTree +-- fabric-client@1.1.0
139 silly idealTree +-- fast-deep-equal@1.1.0
139 silly idealTree +-- fast-json-stable-stringify@2.0.0
139 silly idealTree +-- finalhandler@1.1.1
139 silly idealTree | `-- statuses@1.4.0
139 silly idealTree +-- forever-agent@0.6.1
139 silly idealTree +-- form-data@2.3.2
139 silly idealTree +-- formidable@1.2.1
139 silly idealTree +-- forwarded@0.1.2
139 silly idealTree +-- frameguard@3.0.0
139 silly idealTree +-- fresh@0.5.2
139 silly idealTree +-- fs-extra@0.30.0
139 silly idealTree +-- fs.realpath@1.0.0
139 silly idealTree +-- fs@0.0.2
139 silly idealTree +-- fstream-ignore@1.0.5
139 silly idealTree +-- fstream@1.0.11
139 silly idealTree +-- gauge@2.7.4
139 silly idealTree +-- getpass@0.1.7
139 silly idealTree +-- glob@7.1.2
139 silly idealTree +-- graceful-fs@4.1.11
139 silly idealTree +-- grpc@1.11.0
139 silly idealTree | +-- abbrev@1.1.1
139 silly idealTree | +-- ajv@5.5.2
139 silly idealTree | +-- ansi-regex@2.1.1
139 silly idealTree | +-- aproba@1.2.0
139 silly idealTree | +-- are-we-there-yet@1.1.4
139 silly idealTree | +-- asn1@0.2.3
139 silly idealTree | +-- assert-plus@1.0.0
139 silly idealTree | +-- asynckit@0.4.0
139 silly idealTree | +-- aws-sign2@0.7.0
139 silly idealTree | +-- aws4@1.7.0
139 silly idealTree | +-- balanced-match@1.0.0
139 silly idealTree | +-- bcrypt-pbkdf@1.0.1
139 silly idealTree | +-- block-stream@0.0.9
139 silly idealTree | +-- boom@4.3.1
139 silly idealTree | +-- brace-expansion@1.1.11
139 silly idealTree | +-- caseless@0.12.0
139 silly idealTree | +-- co@4.6.0
139 silly idealTree | +-- code-point-at@1.1.0
139 silly idealTree | +-- combined-stream@1.0.6
139 silly idealTree | +-- concat-map@0.0.1
139 silly idealTree | +-- console-control-strings@1.1.0
139 silly idealTree | +-- core-util-is@1.0.2
139 silly idealTree | +-- cryptiles@3.1.2
139 silly idealTree | | `-- boom@5.2.0
139 silly idealTree | +-- dashdash@1.14.1
139 silly idealTree | +-- debug@2.6.9
139 silly idealTree | +-- deep-extend@0.4.2
139 silly idealTree | +-- delayed-stream@1.0.0
139 silly idealTree | +-- delegates@1.0.0
139 silly idealTree | +-- detect-libc@1.0.3
139 silly idealTree | +-- ecc-jsbn@0.1.1
139 silly idealTree | +-- extend@3.0.1
139 silly idealTree | +-- extsprintf@1.3.0
139 silly idealTree | +-- fast-deep-equal@1.1.0
139 silly idealTree | +-- fast-json-stable-stringify@2.0.0
139 silly idealTree | +-- forever-agent@0.6.1
139 silly idealTree | +-- form-data@2.3.2
139 silly idealTree | +-- fs.realpath@1.0.0
139 silly idealTree | +-- fstream-ignore@1.0.5
139 silly idealTree | +-- fstream@1.0.11
139 silly idealTree | +-- gauge@2.7.4
139 silly idealTree | +-- getpass@0.1.7
139 silly idealTree | +-- glob@7.1.2
139 silly idealTree | +-- graceful-fs@4.1.11
139 silly idealTree | +-- har-schema@2.0.0
139 silly idealTree | +-- har-validator@5.0.3
139 silly idealTree | +-- has-unicode@2.0.1
139 silly idealTree | +-- hawk@6.0.2
139 silly idealTree | +-- hoek@4.2.1
139 silly idealTree | +-- http-signature@1.2.0
139 silly idealTree | +-- inflight@1.0.6
139 silly idealTree | +-- inherits@2.0.3
139 silly idealTree | +-- ini@1.3.5
139 silly idealTree | +-- is-fullwidth-code-point@1.0.0
139 silly idealTree | +-- is-typedarray@1.0.0
139 silly idealTree | +-- isarray@1.0.0
139 silly idealTree | +-- isstream@0.1.2
139 silly idealTree | +-- jsbn@0.1.1
139 silly idealTree | +-- json-schema-traverse@0.3.1
139 silly idealTree | +-- json-schema@0.2.3
139 silly idealTree | +-- json-stringify-safe@5.0.1
139 silly idealTree | +-- jsprim@1.4.1
139 silly idealTree | +-- mime-db@1.33.0
139 silly idealTree | +-- mime-types@2.1.18
139 silly idealTree | +-- minimatch@3.0.4
139 silly idealTree | +-- minimist@1.2.0
139 silly idealTree | +-- mkdirp@0.5.1
139 silly idealTree | | `-- minimist@0.0.8
139 silly idealTree | +-- ms@2.0.0
139 silly idealTree | +-- node-pre-gyp@0.7.0
139 silly idealTree | +-- nopt@4.0.1
139 silly idealTree | +-- npmlog@4.1.2
139 silly idealTree | +-- number-is-nan@1.0.1
139 silly idealTree | +-- oauth-sign@0.8.2
139 silly idealTree | +-- object-assign@4.1.1
139 silly idealTree | +-- once@1.4.0
139 silly idealTree | +-- os-homedir@1.0.2
139 silly idealTree | +-- os-tmpdir@1.0.2
139 silly idealTree | +-- osenv@0.1.5
139 silly idealTree | +-- path-is-absolute@1.0.1
139 silly idealTree | +-- performance-now@2.1.0
139 silly idealTree | +-- process-nextick-args@2.0.0
139 silly idealTree | +-- punycode@1.4.1
139 silly idealTree | +-- qs@6.5.1
139 silly idealTree | +-- rc@1.2.6
139 silly idealTree | +-- readable-stream@2.3.6
139 silly idealTree | +-- request@2.83.0
139 silly idealTree | +-- rimraf@2.6.2
139 silly idealTree | +-- safe-buffer@5.1.1
139 silly idealTree | +-- semver@5.5.0
139 silly idealTree | +-- set-blocking@2.0.0
139 silly idealTree | +-- signal-exit@3.0.2
139 silly idealTree | +-- sntp@2.1.0
139 silly idealTree | +-- sshpk@1.14.1
139 silly idealTree | +-- string_decoder@1.1.1
139 silly idealTree | +-- string-width@1.0.2
139 silly idealTree | +-- stringstream@0.0.5
139 silly idealTree | +-- strip-ansi@3.0.1
139 silly idealTree | +-- strip-json-comments@2.0.1
139 silly idealTree | +-- tar-pack@3.4.1
139 silly idealTree | +-- tar@2.2.1
139 silly idealTree | +-- tough-cookie@2.3.4
139 silly idealTree | +-- tunnel-agent@0.6.0
139 silly idealTree | +-- tweetnacl@0.14.5
139 silly idealTree | +-- uid-number@0.0.6
139 silly idealTree | +-- util-deprecate@1.0.2
139 silly idealTree | +-- uuid@3.2.1
139 silly idealTree | +-- verror@1.10.0
139 silly idealTree | +-- wide-align@1.1.2
139 silly idealTree | `-- wrappy@1.0.2
139 silly idealTree +-- handle-thing@1.2.5
139 silly idealTree +-- har-schema@2.0.0
139 silly idealTree +-- har-validator@5.0.3
139 silly idealTree +-- has-unicode@2.0.1
139 silly idealTree +-- hash.js@1.1.3
139 silly idealTree +-- hawk@6.0.2
139 silly idealTree +-- helmet-csp@2.7.0
139 silly idealTree +-- helmet@3.12.0
139 silly idealTree +-- hide-powered-by@1.0.0
139 silly idealTree +-- hmac-drbg@1.0.1
139 silly idealTree +-- hoek@4.2.1
139 silly idealTree +-- hpack.js@2.1.6
139 silly idealTree +-- hpkp@2.0.0
139 silly idealTree +-- hpp@0.2.2
139 silly idealTree +-- hsts@2.1.0
139 silly idealTree +-- http-deceiver@1.2.7
139 silly idealTree +-- http-errors@1.6.3
139 silly idealTree +-- http-signature@1.2.0
139 silly idealTree +-- iconv-lite@0.4.19
139 silly idealTree +-- ienoopen@1.0.0
139 silly idealTree +-- ignore-walk@3.0.1
139 silly idealTree +-- inflight@1.0.6
139 silly idealTree +-- inherits@2.0.3
139 silly idealTree +-- ini@1.3.5
139 silly idealTree +-- invert-kv@1.0.0
139 silly idealTree +-- ipaddr.js@1.6.0
139 silly idealTree +-- is-fullwidth-code-point@1.0.0
139 silly idealTree +-- is-regexp@1.0.0
139 silly idealTree +-- is-supported-regexp-flag@1.0.1
139 silly idealTree +-- is-typedarray@1.0.0
139 silly idealTree +-- isarray@1.0.0
139 silly idealTree +-- isemail@1.2.0
139 silly idealTree +-- isstream@0.1.2
139 silly idealTree +-- joi@6.10.1
139 silly idealTree | `-- hoek@2.16.3
139 silly idealTree +-- js-sha3@0.5.7
139 silly idealTree +-- js-yaml@3.11.0
139 silly idealTree +-- jsbn@0.1.1
139 silly idealTree +-- json-schema-traverse@0.3.1
139 silly idealTree +-- json-schema@0.2.3
139 silly idealTree +-- json-stringify-safe@5.0.1
139 silly idealTree +-- jsonfile@2.4.0
139 silly idealTree +-- jsonwebtoken@8.2.1
139 silly idealTree | `-- ms@2.1.1
139 silly idealTree +-- jsprim@1.4.1
139 silly idealTree +-- jsrsasign@7.2.2
139 silly idealTree +-- jssha@2.3.1
139 silly idealTree +-- jwa@1.1.5
139 silly idealTree +-- jws@3.1.4
139 silly idealTree +-- klaw@1.3.1
139 silly idealTree +-- lcid@1.0.0
139 silly idealTree +-- lodash.get@4.4.2
139 silly idealTree +-- lodash.includes@4.3.0
139 silly idealTree +-- lodash.isboolean@3.0.3
139 silly idealTree +-- lodash.isinteger@4.0.4
139 silly idealTree +-- lodash.isnumber@3.0.3
139 silly idealTree +-- lodash.isplainobject@4.0.6
139 silly idealTree +-- lodash.isstring@4.0.1
139 silly idealTree +-- lodash.once@4.1.1
139 silly idealTree +-- lodash.reduce@4.6.0
139 silly idealTree +-- lodash@4.17.10
139 silly idealTree +-- log4js@0.6.38
139 silly idealTree | +-- isarray@0.0.1
139 silly idealTree | +-- readable-stream@1.0.34
139 silly idealTree | +-- semver@4.3.6
139 silly idealTree | `-- string_decoder@0.10.31
139 silly idealTree +-- long@3.2.0
139 silly idealTree +-- lru-cache@4.1.2
139 silly idealTree +-- media-typer@0.3.0
139 silly idealTree +-- merge-descriptors@1.0.1
139 silly idealTree +-- methods@1.1.2
139 silly idealTree +-- mime-db@1.33.0
139 silly idealTree +-- mime-types@2.1.18
139 silly idealTree +-- mime@1.4.1
139 silly idealTree +-- minimalistic-assert@1.0.1
139 silly idealTree +-- minimalistic-crypto-utils@1.0.1
139 silly idealTree +-- minimatch@3.0.4
139 silly idealTree +-- minimist@0.0.8
139 silly idealTree +-- mkdirp@0.5.1
139 silly idealTree +-- moment@2.22.1
139 silly idealTree +-- mongodb-core@2.1.19
139 silly idealTree +-- mongodb@2.2.35
139 silly idealTree | +-- process-nextick-args@1.0.7
139 silly idealTree | +-- readable-stream@2.2.7
139 silly idealTree | `-- string_decoder@1.0.3
139 silly idealTree +-- ms@2.0.0
139 silly idealTree +-- multer@1.3.0
139 silly idealTree | `-- object-assign@3.0.0
139 silly idealTree +-- mv@2.1.1
139 silly idealTree | +-- glob@6.0.4
139 silly idealTree | `-- rimraf@2.4.5
139 silly idealTree +-- nan@2.6.2
139 silly idealTree +-- nano@6.4.3
139 silly idealTree | `-- request@2.83.0
139 silly idealTree +-- nconf@0.8.5
139 silly idealTree +-- ncp@2.0.0
139 silly idealTree +-- negotiator@0.6.1
139 silly idealTree +-- nocache@2.0.0
139 silly idealTree +-- node-pre-gyp@0.6.36
139 silly idealTree +-- nopt@4.0.1
139 silly idealTree +-- npmlog@4.1.2
139 silly idealTree +-- number-is-nan@1.0.1
139 silly idealTree +-- oauth-sign@0.8.2
139 silly idealTree +-- object-assign@4.1.1
139 silly idealTree +-- obuf@1.1.2
139 silly idealTree +-- on-finished@2.3.0
139 silly idealTree +-- on-headers@1.0.1
139 silly idealTree +-- once@1.4.0
139 silly idealTree +-- optjs@3.2.2
139 silly idealTree +-- os-homedir@1.0.2
139 silly idealTree +-- os-locale@1.4.0
139 silly idealTree +-- os-tmpdir@1.0.2
139 silly idealTree +-- osenv@0.1.5
139 silly idealTree +-- parseurl@1.3.2
139 silly idealTree +-- passport-jwt@3.0.1
139 silly idealTree | `-- jsonwebtoken@7.4.3
139 silly idealTree +-- passport-strategy@1.0.0
139 silly idealTree +-- passport@0.4.0
139 silly idealTree +-- path-is-absolute@1.0.1
139 silly idealTree +-- path-to-regexp@0.1.7
139 silly idealTree +-- path@0.12.7
139 silly idealTree +-- pause@0.0.1
139 silly idealTree +-- performance-now@2.1.0
139 silly idealTree +-- pidusage@1.2.0
139 silly idealTree +-- pkcs11js@1.0.15
139 silly idealTree | `-- nan@2.10.0
139 silly idealTree +-- platform@1.3.5
139 silly idealTree +-- process-nextick-args@2.0.0
139 silly idealTree +-- process@0.11.10
139 silly idealTree +-- promise-settle@0.3.0
139 silly idealTree +-- protobufjs@5.0.2
139 silly idealTree +-- proxy-addr@2.0.3
139 silly idealTree +-- pseudomap@1.0.2
139 silly idealTree +-- punycode@1.4.1
139 silly idealTree +-- qs@6.5.1
139 silly idealTree +-- querystring@0.2.0
139 silly idealTree +-- random-bytes@1.0.0
139 silly idealTree +-- range-parser@1.2.0
139 silly idealTree +-- raw-body@2.3.2
139 silly idealTree | +-- depd@1.1.1
139 silly idealTree | +-- http-errors@1.6.2
139 silly idealTree | `-- setprototypeof@1.0.3
139 silly idealTree +-- rc@1.2.7
139 silly idealTree | `-- minimist@1.2.0
139 silly idealTree +-- readable-stream@2.3.6
139 silly idealTree +-- referrer-policy@1.1.0
139 silly idealTree +-- request@2.85.0
139 silly idealTree +-- require_optional@1.0.1
139 silly idealTree +-- resolve-from@2.0.0
139 silly idealTree +-- restify-errors@5.0.0
139 silly idealTree +-- restify@6.3.4
139 silly idealTree +-- rimraf@2.6.2
139 silly idealTree +-- rndm@1.2.0
139 silly idealTree +-- safe-buffer@5.1.2
139 silly idealTree +-- safe-json-stringify@1.1.0
139 silly idealTree +-- secure-keys@1.0.0
139 silly idealTree +-- select-hose@2.0.0
139 silly idealTree +-- semver@5.5.0
139 silly idealTree +-- send@0.16.2
139 silly idealTree | `-- statuses@1.4.0
139 silly idealTree +-- serve-static@1.13.2
139 silly idealTree +-- set-blocking@2.0.0
139 silly idealTree +-- setprototypeof@1.1.0
139 silly idealTree +-- signal-exit@3.0.2
139 silly idealTree +-- sjcl-codec@0.1.1
139 silly idealTree +-- sjcl@1.0.7
139 silly idealTree +-- sntp@2.1.0
139 silly idealTree +-- spdy-transport@2.1.0
139 silly idealTree +-- spdy@3.4.7
139 silly idealTree +-- sprintf-js@1.0.3
139 silly idealTree +-- sshpk@1.14.1
139 silly idealTree +-- stack-trace@0.0.10
139 silly idealTree +-- statuses@1.5.0
139 silly idealTree +-- stream-buffers@3.0.1
139 silly idealTree +-- stream-transform@0.2.2
139 silly idealTree +-- streamsearch@0.1.2
139 silly idealTree +-- string_decoder@1.1.1
139 silly idealTree +-- string-width@1.0.2
139 silly idealTree +-- stringstream@0.0.5
139 silly idealTree +-- strip-ansi@3.0.1
139 silly idealTree +-- strip-json-comments@2.0.1
139 silly idealTree +-- tar-pack@3.4.1
139 silly idealTree +-- tar-stream@1.5.2
139 silly idealTree +-- tar@2.2.1
139 silly idealTree +-- topo@1.1.0
139 silly idealTree | `-- hoek@2.16.3
139 silly idealTree +-- tough-cookie@2.3.4
139 silly idealTree +-- tsscmp@1.0.5
139 silly idealTree +-- tunnel-agent@0.6.0
139 silly idealTree +-- tweetnacl@0.14.5
139 silly idealTree +-- type-is@1.6.16
139 silly idealTree +-- typedarray@0.0.6
139 silly idealTree +-- uid-number@0.0.6
139 silly idealTree +-- uid-safe@2.1.4
139 silly idealTree +-- underscore@1.9.0
139 silly idealTree +-- unpipe@1.0.0
139 silly idealTree +-- url@0.11.0
139 silly idealTree | `-- punycode@1.3.2
139 silly idealTree +-- util-deprecate@1.0.2
139 silly idealTree +-- util@0.10.3
139 silly idealTree | `-- inherits@2.0.1
139 silly idealTree +-- utils-merge@1.0.1
139 silly idealTree +-- uuid@3.2.1
139 silly idealTree +-- vary@1.1.2
139 silly idealTree +-- vasync@1.6.4
139 silly idealTree | +-- extsprintf@1.2.0
139 silly idealTree | `-- verror@1.6.0
139 silly idealTree +-- verror@1.10.0
139 silly idealTree +-- wbuf@1.7.3
139 silly idealTree +-- wide-align@1.1.2
139 silly idealTree +-- window-size@0.1.4
139 silly idealTree +-- winston@2.4.2
139 silly idealTree | `-- async@1.0.0
139 silly idealTree +-- wrap-ansi@2.1.0
139 silly idealTree +-- wrappy@1.0.2
139 silly idealTree +-- x-xss-protection@1.1.0
139 silly idealTree +-- xtend@4.0.1
139 silly idealTree +-- y18n@3.2.1
139 silly idealTree +-- yallist@2.1.2
139 silly idealTree `-- yargs@3.32.0
140 silly generateActionsToTake Starting
141 silly install generateActionsToTake
142 silly generateActionsToTake Finishing
143 silly diffTrees action count 3
144 silly diffTrees add nan@2.10.0
145 silly diffTrees add pkcs11js@1.0.15
146 silly diffTrees add fabric-client@1.1.0
147 silly decomposeActions action count 24
148 silly decomposeActions fetch nan@2.10.0
149 silly decomposeActions extract nan@2.10.0
150 silly decomposeActions test nan@2.10.0
151 silly decomposeActions preinstall nan@2.10.0
152 silly decomposeActions build nan@2.10.0
153 silly decomposeActions install nan@2.10.0
154 silly decomposeActions postinstall nan@2.10.0
155 silly decomposeActions finalize nan@2.10.0
156 silly decomposeActions fetch pkcs11js@1.0.15
157 silly decomposeActions extract pkcs11js@1.0.15
158 silly decomposeActions test pkcs11js@1.0.15
159 silly decomposeActions preinstall pkcs11js@1.0.15
160 silly decomposeActions build pkcs11js@1.0.15
161 silly decomposeActions install pkcs11js@1.0.15
162 silly decomposeActions postinstall pkcs11js@1.0.15
163 silly decomposeActions finalize pkcs11js@1.0.15
164 silly decomposeActions fetch fabric-client@1.1.0
165 silly decomposeActions extract fabric-client@1.1.0
166 silly decomposeActions test fabric-client@1.1.0
167 silly decomposeActions preinstall fabric-client@1.1.0
168 silly decomposeActions build fabric-client@1.1.0
169 silly decomposeActions install fabric-client@1.1.0
170 silly decomposeActions postinstall fabric-client@1.1.0
171 silly decomposeActions finalize fabric-client@1.1.0
172 silly runTopLevelLifecycles Starting
173 silly executeActions Starting
174 silly install executeActions
175 silly doSerial global-install 0
176 silly doParallel fetch 3
177 verbose correctMkdir C:\Users\Shubham\AppData\Roaming\npm-cache\_locks correctMkdir not in flight; initializing
178 verbose lock using C:\Users\Shubham\AppData\Roaming\npm-cache\_locks\staging-005b95b563915247.lock for E:\hyperledger-asset-transfer\node-backend-server\node_modules\.staging
179 silly doParallel extract 3
180 silly extract nan@2.10.0
181 silly extract pkcs11js@1.0.15
182 silly extract fabric-client@1.1.0
183 verbose unbuild node_modules\.staging\nan-5b533d6e
184 verbose unbuild node_modules\.staging\fabric-client-623c7f9a
185 verbose unbuild node_modules\.staging\pkcs11js-9f39a42a
186 silly gentlyRm E:\hyperledger-asset-transfer\node-backend-server\node_modules\.staging\nan-5b533d6e is being purged from base E:\hyperledger-asset-transfer\node-backend-server
187 verbose gentlyRm don't care about contents; nuking E:\hyperledger-asset-transfer\node-backend-server\node_modules\.staging\nan-5b533d6e
188 silly gentlyRm E:\hyperledger-asset-transfer\node-backend-server\node_modules\.staging\fabric-client-623c7f9a is being purged from base E:\hyperledger-asset-transfer\node-backend-server
189 verbose gentlyRm don't care about contents; nuking E:\hyperledger-asset-transfer\node-backend-server\node_modules\.staging\fabric-client-623c7f9a
190 silly gentlyRm E:\hyperledger-asset-transfer\node-backend-server\node_modules\.staging\pkcs11js-9f39a42a is being purged from base E:\hyperledger-asset-transfer\node-backend-server
191 verbose gentlyRm don't care about contents; nuking E:\hyperledger-asset-transfer\node-backend-server\node_modules\.staging\pkcs11js-9f39a42a
192 verbose tar unpack C:\Users\Shubham\AppData\Roaming\npm-cache\nan\2.10.0\package.tgz
193 verbose tar unpacking to E:\hyperledger-asset-transfer\node-backend-server\node_modules\.staging\nan-5b533d6e
194 silly gentlyRm E:\hyperledger-asset-transfer\node-backend-server\node_modules\.staging\nan-5b533d6e is being purged
195 verbose gentlyRm don't care about contents; nuking E:\hyperledger-asset-transfer\node-backend-server\node_modules\.staging\nan-5b533d6e
196 verbose tar unpack C:\Users\Shubham\AppData\Roaming\npm-cache\fabric-client\1.1.0\package.tgz
197 verbose tar unpacking to E:\hyperledger-asset-transfer\node-backend-server\node_modules\.staging\fabric-client-623c7f9a
198 silly gentlyRm E:\hyperledger-asset-transfer\node-backend-server\node_modules\.staging\fabric-client-623c7f9a is being purged
199 verbose gentlyRm don't care about contents; nuking E:\hyperledger-asset-transfer\node-backend-server\node_modules\.staging\fabric-client-623c7f9a
200 verbose tar unpack C:\Users\Shubham\AppData\Roaming\npm-cache\pkcs11js\1.0.15\package.tgz
201 verbose tar unpacking to E:\hyperledger-asset-transfer\node-backend-server\node_modules\.staging\pkcs11js-9f39a42a
202 silly gentlyRm E:\hyperledger-asset-transfer\node-backend-server\node_modules\.staging\pkcs11js-9f39a42a is being purged
203 verbose gentlyRm don't care about contents; nuking E:\hyperledger-asset-transfer\node-backend-server\node_modules\.staging\pkcs11js-9f39a42a
204 silly gunzTarPerm modes [ '777', '666' ]
205 silly gunzTarPerm modes [ '777', '666' ]
206 silly gunzTarPerm modes [ '777', '666' ]
207 silly gunzTarPerm extractEntry package.json
208 silly gunzTarPerm modified mode [ 'package.json', 436, 438 ]
209 silly gunzTarPerm extractEntry package.json
210 silly gunzTarPerm modified mode [ 'package.json', 436, 438 ]
211 silly gunzTarPerm extractEntry package.json
212 silly gunzTarPerm modified mode [ 'package.json', 420, 438 ]
213 silly gunzTarPerm extractEntry CHANGELOG.md
214 silly gunzTarPerm modified mode [ 'CHANGELOG.md', 436, 438 ]
215 silly gunzTarPerm extractEntry index.d.ts
216 silly gunzTarPerm modified mode [ 'index.d.ts', 436, 438 ]
217 silly gunzTarPerm extractEntry index.js
218 silly gunzTarPerm modified mode [ 'index.js', 436, 438 ]
219 silly gunzTarPerm extractEntry binding.gyp
220 silly gunzTarPerm modified mode [ 'binding.gyp', 420, 438 ]
221 silly gunzTarPerm extractEntry index.d.ts
222 silly gunzTarPerm modified mode [ 'index.d.ts', 420, 438 ]
223 silly gunzTarPerm extractEntry include_dirs.js
224 silly gunzTarPerm modified mode [ 'include_dirs.js', 436, 438 ]
225 silly gunzTarPerm extractEntry LICENSE.md
226 silly gunzTarPerm modified mode [ 'LICENSE.md', 436, 438 ]
227 silly gunzTarPerm extractEntry nan_callbacks_12_inl.h
228 silly gunzTarPerm modified mode [ 'nan_callbacks_12_inl.h', 436, 438 ]
229 silly gunzTarPerm extractEntry nan_callbacks_pre_12_inl.h
230 silly gunzTarPerm modified mode [ 'nan_callbacks_pre_12_inl.h', 436, 438 ]
231 silly gunzTarPerm extractEntry README.md
232 silly gunzTarPerm modified mode [ 'README.md', 436, 438 ]
233 silly gunzTarPerm extractEntry tsconfig.json
234 silly gunzTarPerm modified mode [ 'tsconfig.json', 436, 438 ]
235 silly gunzTarPerm extractEntry index.js
236 silly gunzTarPerm modified mode [ 'index.js', 420, 438 ]
237 silly gunzTarPerm extractEntry nan_callbacks.h
238 silly gunzTarPerm modified mode [ 'nan_callbacks.h', 436, 438 ]
239 silly gunzTarPerm extractEntry LICENSE
240 silly gunzTarPerm modified mode [ 'LICENSE', 420, 438 ]
241 silly gunzTarPerm extractEntry README.md
242 silly gunzTarPerm modified mode [ 'README.md', 420, 438 ]
243 silly gunzTarPerm extractEntry includes/pkcs11/pkcs11.h
244 silly gunzTarPerm modified mode [ 'includes/pkcs11/pkcs11.h', 420, 438 ]
245 silly gunzTarPerm extractEntry config/default.json
246 silly gunzTarPerm modified mode [ 'config/default.json', 436, 438 ]
247 silly gunzTarPerm extractEntry lib/api.js
248 silly gunzTarPerm modified mode [ 'lib/api.js', 509, 511 ]
249 silly gunzTarPerm extractEntry nan_converters_43_inl.h
250 silly gunzTarPerm modified mode [ 'nan_converters_43_inl.h', 436, 438 ]
251 silly gunzTarPerm extractEntry nan_converters_pre_43_inl.h
252 silly gunzTarPerm modified mode [ 'nan_converters_pre_43_inl.h', 436, 438 ]
253 silly gunzTarPerm extractEntry includes/pkcs11/pkcs11f.h
254 silly gunzTarPerm modified mode [ 'includes/pkcs11/pkcs11f.h', 420, 438 ]
255 silly gunzTarPerm extractEntry includes/pkcs11/pkcs11t.h
256 silly gunzTarPerm modified mode [ 'includes/pkcs11/pkcs11t.h', 420, 438 ]
257 silly gunzTarPerm extractEntry nan_converters.h
258 silly gunzTarPerm modified mode [ 'nan_converters.h', 436, 438 ]
259 silly gunzTarPerm extractEntry nan_define_own_property_helper.h
260 silly gunzTarPerm modified mode [ 'nan_define_own_property_helper.h', 436, 438 ]
261 silly gunzTarPerm extractEntry lib/BaseClient.js
262 silly gunzTarPerm modified mode [ 'lib/BaseClient.js', 436, 438 ]
263 silly gunzTarPerm extractEntry lib/BlockDecoder.js
264 silly gunzTarPerm modified mode [ 'lib/BlockDecoder.js', 436, 438 ]
265 silly gunzTarPerm extractEntry src/async.cpp
266 silly gunzTarPerm modified mode [ 'src/async.cpp', 420, 438 ]
267 silly gunzTarPerm extractEntry src/async.h
268 silly gunzTarPerm modified mode [ 'src/async.h', 420, 438 ]
269 silly gunzTarPerm extractEntry nan_implementation_12_inl.h
270 silly gunzTarPerm modified mode [ 'nan_implementation_12_inl.h', 436, 438 ]
271 silly gunzTarPerm extractEntry nan_implementation_pre_12_inl.h
272 silly gunzTarPerm modified mode [ 'nan_implementation_pre_12_inl.h', 436, 438 ]
273 silly gunzTarPerm extractEntry nan_json.h
274 silly gunzTarPerm modified mode [ 'nan_json.h', 436, 438 ]
275 silly gunzTarPerm extractEntry lib/CertificateAuthority.js
276 silly gunzTarPerm modified mode [ 'lib/CertificateAuthority.js', 436, 438 ]
277 silly gunzTarPerm extractEntry lib/Channel.js
278 silly gunzTarPerm modified mode [ 'lib/Channel.js', 509, 511 ]
279 silly gunzTarPerm extractEntry nan_maybe_43_inl.h
280 silly gunzTarPerm modified mode [ 'nan_maybe_43_inl.h', 436, 438 ]
281 silly gunzTarPerm extractEntry src/const.cpp
282 silly gunzTarPerm modified mode [ 'src/const.cpp', 420, 438 ]
283 silly gunzTarPerm extractEntry src/const.h
284 silly gunzTarPerm modified mode [ 'src/const.h', 420, 438 ]
285 silly gunzTarPerm extractEntry lib/ChannelEventHub.js
286 silly gunzTarPerm modified mode [ 'lib/ChannelEventHub.js', 436, 438 ]
287 silly gunzTarPerm extractEntry src/dl.cpp
288 silly gunzTarPerm modified mode [ 'src/dl.cpp', 420, 438 ]
289 silly gunzTarPerm extractEntry src/dl.h
290 silly gunzTarPerm modified mode [ 'src/dl.h', 420, 438 ]
291 silly gunzTarPerm extractEntry nan_maybe_pre_43_inl.h
292 silly gunzTarPerm modified mode [ 'nan_maybe_pre_43_inl.h', 436, 438 ]
293 silly gunzTarPerm extractEntry nan_new.h
294 silly gunzTarPerm modified mode [ 'nan_new.h', 436, 438 ]
295 silly gunzTarPerm extractEntry nan_object_wrap.h
296 silly gunzTarPerm modified mode [ 'nan_object_wrap.h', 436, 438 ]
297 silly gunzTarPerm extractEntry lib/client-utils.js
298 silly gunzTarPerm modified mode [ 'lib/client-utils.js', 436, 438 ]
299 silly gunzTarPerm extractEntry lib/Client.js
300 silly gunzTarPerm modified mode [ 'lib/Client.js', 436, 438 ]
301 silly gunzTarPerm extractEntry nan_persistent_12_inl.h
302 silly gunzTarPerm modified mode [ 'nan_persistent_12_inl.h', 436, 438 ]
303 silly gunzTarPerm extractEntry nan_persistent_pre_12_inl.h
304 silly gunzTarPerm modified mode [ 'nan_persistent_pre_12_inl.h', 436, 438 ]
305 silly gunzTarPerm extractEntry src/main.cpp
306 silly gunzTarPerm modified mode [ 'src/main.cpp', 420, 438 ]
307 silly gunzTarPerm extractEntry src/node.cpp
308 silly gunzTarPerm modified mode [ 'src/node.cpp', 420, 438 ]
309 silly gunzTarPerm extractEntry nan_private.h
310 silly gunzTarPerm modified mode [ 'nan_private.h', 436, 438 ]
311 silly gunzTarPerm extractEntry nan_string_bytes.h
312 silly gunzTarPerm modified mode [ 'nan_string_bytes.h', 436, 438 ]
313 silly gunzTarPerm extractEntry lib/Config.js
314 silly gunzTarPerm modified mode [ 'lib/Config.js', 436, 438 ]
315 silly gunzTarPerm extractEntry src/node.h
316 silly gunzTarPerm modified mode [ 'src/node.h', 420, 438 ]
317 silly gunzTarPerm extractEntry src/pkcs11/core.h
318 silly gunzTarPerm modified mode [ 'src/pkcs11/core.h', 420, 438 ]
319 silly gunzTarPerm extractEntry src/pkcs11/error.cpp
320 silly gunzTarPerm modified mode [ 'src/pkcs11/error.cpp', 420, 438 ]
321 silly gunzTarPerm extractEntry nan_typedarray_contents.h
322 silly gunzTarPerm modified mode [ 'nan_typedarray_contents.h', 436, 438 ]
323 silly gunzTarPerm extractEntry src/pkcs11/error.h
324 silly gunzTarPerm modified mode [ 'src/pkcs11/error.h', 420, 438 ]
325 silly gunzTarPerm extractEntry lib/Constants.js
326 silly gunzTarPerm modified mode [ 'lib/Constants.js', 509, 511 ]
327 silly gunzTarPerm extractEntry lib/EventHub.js
328 silly gunzTarPerm modified mode [ 'lib/EventHub.js', 436, 438 ]
329 silly gunzTarPerm extractEntry lib/hash.js
330 silly gunzTarPerm modified mode [ 'lib/hash.js', 436, 438 ]
331 silly gunzTarPerm extractEntry lib/impl/aes/pkcs11_key.js
332 silly gunzTarPerm modified mode [ 'lib/impl/aes/pkcs11_key.js', 436, 438 ]
333 silly gunzTarPerm extractEntry nan_weak.h
334 silly gunzTarPerm modified mode [ 'nan_weak.h', 436, 438 ]
335 silly gunzTarPerm extractEntry nan.h
336 silly gunzTarPerm modified mode [ 'nan.h', 436, 438 ]
337 silly gunzTarPerm extractEntry lib/impl/bccsp_pkcs11.js
338 silly gunzTarPerm modified mode [ 'lib/impl/bccsp_pkcs11.js', 436, 438 ]
339 silly gunzTarPerm extractEntry src/pkcs11/mech.cpp
340 silly gunzTarPerm modified mode [ 'src/pkcs11/mech.cpp', 420, 438 ]
341 silly gunzTarPerm extractEntry src/pkcs11/mech.h
342 silly gunzTarPerm modified mode [ 'src/pkcs11/mech.h', 420, 438 ]
343 silly gunzTarPerm extractEntry src/pkcs11/param_aes.cpp
344 silly gunzTarPerm modified mode [ 'src/pkcs11/param_aes.cpp', 420, 438 ]
345 silly gunzTarPerm extractEntry src/pkcs11/param_ecdh.cpp
346 silly gunzTarPerm modified mode [ 'src/pkcs11/param_ecdh.cpp', 420, 438 ]
347 silly gunzTarPerm extractEntry README.md
348 silly gunzTarPerm modified mode [ 'README.md', 436, 438 ]
349 silly gunzTarPerm extractEntry doc/asyncworker.md
350 silly gunzTarPerm modified mode [ 'doc/asyncworker.md', 436, 438 ]
351 silly gunzTarPerm extractEntry lib/impl/CouchDBKeyValueStore.js
352 silly gunzTarPerm modified mode [ 'lib/impl/CouchDBKeyValueStore.js', 436, 438 ]
353 silly gunzTarPerm extractEntry lib/impl/CryptoKeyStore.js
354 silly gunzTarPerm modified mode [ 'lib/impl/CryptoKeyStore.js', 436, 438 ]
355 silly gunzTarPerm extractEntry src/pkcs11/param_rsa.cpp
356 silly gunzTarPerm modified mode [ 'src/pkcs11/param_rsa.cpp', 420, 438 ]
357 silly gunzTarPerm extractEntry src/pkcs11/param.cpp
358 silly gunzTarPerm modified mode [ 'src/pkcs11/param.cpp', 420, 438 ]
359 silly gunzTarPerm extractEntry src/pkcs11/param.h
360 silly gunzTarPerm modified mode [ 'src/pkcs11/param.h', 420, 438 ]
361 silly gunzTarPerm extractEntry doc/buffers.md
362 silly gunzTarPerm modified mode [ 'doc/buffers.md', 436, 438 ]
363 silly gunzTarPerm extractEntry doc/callback.md
364 silly gunzTarPerm modified mode [ 'doc/callback.md', 436, 438 ]
365 silly gunzTarPerm extractEntry lib/impl/CryptoSuite_ECDSA_AES.js
366 silly gunzTarPerm modified mode [ 'lib/impl/CryptoSuite_ECDSA_AES.js', 509, 511 ]
367 silly gunzTarPerm extractEntry lib/impl/ecdsa/key.js
368 silly gunzTarPerm modified mode [ 'lib/impl/ecdsa/key.js', 436, 438 ]
369 silly gunzTarPerm extractEntry lib/impl/ecdsa/pkcs11_key.js
370 silly gunzTarPerm modified mode [ 'lib/impl/ecdsa/pkcs11_key.js', 436, 438 ]
371 silly gunzTarPerm extractEntry lib/impl/FileKeyValueStore.js
372 silly gunzTarPerm modified mode [ 'lib/impl/FileKeyValueStore.js', 436, 438 ]
373 silly gunzTarPerm extractEntry lib/impl/NetworkConfig_1_0.js
374 silly gunzTarPerm modified mode [ 'lib/impl/NetworkConfig_1_0.js', 436, 438 ]
375 silly gunzTarPerm extractEntry lib/msp/identity.js
376 silly gunzTarPerm modified mode [ 'lib/msp/identity.js', 509, 511 ]
377 silly gunzTarPerm extractEntry doc/converters.md
378 silly gunzTarPerm modified mode [ 'doc/converters.md', 436, 438 ]
379 silly gunzTarPerm extractEntry doc/errors.md
380 silly gunzTarPerm modified mode [ 'doc/errors.md', 436, 438 ]
381 silly gunzTarPerm extractEntry lib/msp/msp-manager.js
382 silly gunzTarPerm modified mode [ 'lib/msp/msp-manager.js', 509, 511 ]
383 silly gunzTarPerm extractEntry src/pkcs11/pkcs11.cpp
384 silly gunzTarPerm modified mode [ 'src/pkcs11/pkcs11.cpp', 420, 438 ]
385 silly gunzTarPerm extractEntry src/pkcs11/pkcs11.h
386 silly gunzTarPerm modified mode [ 'src/pkcs11/pkcs11.h', 420, 438 ]
387 silly gunzTarPerm extractEntry lib/msp/msp.js
388 silly gunzTarPerm modified mode [ 'lib/msp/msp.js', 509, 511 ]
389 silly gunzTarPerm extractEntry doc/json.md
390 silly gunzTarPerm modified mode [ 'doc/json.md', 436, 438 ]
391 silly gunzTarPerm extractEntry doc/maybe_types.md
392 silly gunzTarPerm modified mode [ 'doc/maybe_types.md', 436, 438 ]
393 silly gunzTarPerm extractEntry src/pkcs11/scope.h
394 silly gunzTarPerm modified mode [ 'src/pkcs11/scope.h', 420, 438 ]
395 silly gunzTarPerm extractEntry src/pkcs11/strings.h
396 silly gunzTarPerm modified mode [ 'src/pkcs11/strings.h', 420, 438 ]
397 silly gunzTarPerm extractEntry src/pkcs11/template.cpp
398 silly gunzTarPerm modified mode [ 'src/pkcs11/template.cpp', 420, 438 ]
399 silly gunzTarPerm extractEntry src/pkcs11/template.h
400 silly gunzTarPerm modified mode [ 'src/pkcs11/template.h', 420, 438 ]
401 silly gunzTarPerm extractEntry lib/Orderer.js
402 silly gunzTarPerm modified mode [ 'lib/Orderer.js', 436, 438 ]
403 silly gunzTarPerm extractEntry lib/Organization.js
404 silly gunzTarPerm modified mode [ 'lib/Organization.js', 436, 438 ]
405 silly gunzTarPerm extractEntry lib/Packager.js
406 silly gunzTarPerm modified mode [ 'lib/Packager.js', 436, 438 ]
407 silly gunzTarPerm extractEntry lib/packager/BasePackager.js
408 silly gunzTarPerm modified mode [ 'lib/packager/BasePackager.js', 436, 438 ]
409 silly gunzTarPerm extractEntry doc/methods.md
410 silly gunzTarPerm modified mode [ 'doc/methods.md', 436, 438 ]
411 silly gunzTarPerm extractEntry doc/new.md
412 silly gunzTarPerm modified mode [ 'doc/new.md', 436, 438 ]
413 silly gunzTarPerm extractEntry lib/packager/Car.js
414 silly gunzTarPerm modified mode [ 'lib/packager/Car.js', 436, 438 ]
415 silly gunzTarPerm extractEntry lib/packager/Golang.js
416 silly gunzTarPerm modified mode [ 'lib/packager/Golang.js', 436, 438 ]
417 silly gunzTarPerm extractEntry src/pkcs11/v8_convert.cpp
418 silly gunzTarPerm modified mode [ 'src/pkcs11/v8_convert.cpp', 420, 438 ]
419 silly gunzTarPerm extractEntry src/pkcs11/v8_convert.h
420 silly gunzTarPerm modified mode [ 'src/pkcs11/v8_convert.h', 420, 438 ]
421 silly gunzTarPerm extractEntry doc/node_misc.md
422 silly gunzTarPerm modified mode [ 'doc/node_misc.md', 436, 438 ]
423 silly gunzTarPerm extractEntry doc/object_wrappers.md
424 silly gunzTarPerm modified mode [ 'doc/object_wrappers.md', 436, 438 ]
425 silly gunzTarPerm extractEntry lib/packager/Node.js
426 silly gunzTarPerm modified mode [ 'lib/packager/Node.js', 436, 438 ]
427 silly gunzTarPerm extractEntry lib/Peer.js
428 silly gunzTarPerm modified mode [ 'lib/Peer.js', 436, 438 ]
429 silly gunzTarPerm extractEntry doc/persistent.md
430 silly gunzTarPerm modified mode [ 'doc/persistent.md', 436, 438 ]
431 silly gunzTarPerm extractEntry doc/scopes.md
432 silly gunzTarPerm modified mode [ 'doc/scopes.md', 436, 438 ]
433 silly gunzTarPerm extractEntry doc/script.md
434 silly gunzTarPerm modified mode [ 'doc/script.md', 436, 438 ]
435 silly gunzTarPerm extractEntry doc/string_bytes.md
436 silly gunzTarPerm modified mode [ 'doc/string_bytes.md', 436, 438 ]
437 silly gunzTarPerm extractEntry doc/v8_internals.md
438 silly gunzTarPerm modified mode [ 'doc/v8_internals.md', 436, 438 ]
439 silly gunzTarPerm extractEntry doc/v8_misc.md
440 silly gunzTarPerm modified mode [ 'doc/v8_misc.md', 436, 438 ]
441 silly gunzTarPerm extractEntry tools/1to2.js
442 silly gunzTarPerm modified mode [ 'tools/1to2.js', 509, 511 ]
443 silly gunzTarPerm extractEntry tools/package.json
444 silly gunzTarPerm modified mode [ 'tools/package.json', 436, 438 ]
445 silly gunzTarPerm extractEntry tools/README.md
446 silly gunzTarPerm modified mode [ 'tools/README.md', 436, 438 ]
447 silly gunzTarPerm extractEntry lib/Policy.js
448 silly gunzTarPerm modified mode [ 'lib/Policy.js', 436, 438 ]
449 silly gunzTarPerm extractEntry lib/protos/.protoroot
450 silly gunzTarPerm modified mode [ 'lib/protos/.protoroot', 436, 438 ]
451 silly gunzTarPerm extractEntry lib/protos/common/common.proto
452 silly gunzTarPerm modified mode [ 'lib/protos/common/common.proto', 436, 438 ]
453 silly gunzTarPerm extractEntry lib/protos/common/configtx.proto
454 silly gunzTarPerm modified mode [ 'lib/protos/common/configtx.proto', 436, 438 ]
455 silly gunzTarPerm extractEntry lib/protos/common/configuration.proto
456 silly gunzTarPerm modified mode [ 'lib/protos/common/configuration.proto', 436, 438 ]
457 silly gunzTarPerm extractEntry lib/protos/common/ledger.proto
458 silly gunzTarPerm modified mode [ 'lib/protos/common/ledger.proto', 436, 438 ]
459 silly gunzTarPerm extractEntry lib/protos/common/policies.proto
460 silly gunzTarPerm modified mode [ 'lib/protos/common/policies.proto', 436, 438 ]
461 silly gunzTarPerm extractEntry lib/protos/google/protobuf/empty.proto
462 silly gunzTarPerm modified mode [ 'lib/protos/google/protobuf/empty.proto', 436, 438 ]
463 silly gunzTarPerm extractEntry lib/protos/google/protobuf/timestamp.proto
464 silly gunzTarPerm modified mode [ 'lib/protos/google/protobuf/timestamp.proto', 436, 438 ]
465 silly gunzTarPerm extractEntry lib/protos/ledger/queryresult/kv_query_result.proto
466 silly gunzTarPerm modified mode [ 'lib/protos/ledger/queryresult/kv_query_result.proto',
466 silly gunzTarPerm   436,
466 silly gunzTarPerm   438 ]
467 silly gunzTarPerm extractEntry lib/protos/ledger/rwset/kvrwset/kv_rwset.proto
468 silly gunzTarPerm modified mode [ 'lib/protos/ledger/rwset/kvrwset/kv_rwset.proto', 436, 438 ]
469 silly gunzTarPerm extractEntry lib/protos/ledger/rwset/rwset.proto
470 silly gunzTarPerm modified mode [ 'lib/protos/ledger/rwset/rwset.proto', 436, 438 ]
471 silly gunzTarPerm extractEntry lib/protos/msp/identities.proto
472 silly gunzTarPerm modified mode [ 'lib/protos/msp/identities.proto', 436, 438 ]
473 silly gunzTarPerm extractEntry lib/protos/msp/msp_config.proto
474 silly gunzTarPerm modified mode [ 'lib/protos/msp/msp_config.proto', 436, 438 ]
475 silly gunzTarPerm extractEntry lib/protos/msp/msp_principal.proto
476 silly gunzTarPerm modified mode [ 'lib/protos/msp/msp_principal.proto', 436, 438 ]
477 silly gunzTarPerm extractEntry lib/protos/orderer/ab.proto
478 silly gunzTarPerm modified mode [ 'lib/protos/orderer/ab.proto', 436, 438 ]
479 silly gunzTarPerm extractEntry lib/protos/orderer/configuration.proto
480 silly gunzTarPerm modified mode [ 'lib/protos/orderer/configuration.proto', 436, 438 ]
481 silly gunzTarPerm extractEntry lib/protos/peer/admin.proto
482 silly gunzTarPerm modified mode [ 'lib/protos/peer/admin.proto', 436, 438 ]
483 silly gunzTarPerm extractEntry lib/protos/peer/chaincode_event.proto
484 silly gunzTarPerm modified mode [ 'lib/protos/peer/chaincode_event.proto', 436, 438 ]
485 silly gunzTarPerm extractEntry lib/protos/peer/chaincode_shim.proto
486 silly gunzTarPerm modified mode [ 'lib/protos/peer/chaincode_shim.proto', 436, 438 ]
487 silly gunzTarPerm extractEntry lib/protos/peer/chaincode.proto
488 silly gunzTarPerm modified mode [ 'lib/protos/peer/chaincode.proto', 436, 438 ]
489 silly gunzTarPerm extractEntry lib/protos/peer/configuration.proto
490 silly gunzTarPerm modified mode [ 'lib/protos/peer/configuration.proto', 436, 438 ]
491 silly gunzTarPerm extractEntry lib/protos/peer/events.proto
492 silly gunzTarPerm modified mode [ 'lib/protos/peer/events.proto', 436, 438 ]
493 silly gunzTarPerm extractEntry lib/protos/peer/peer.proto
494 silly gunzTarPerm modified mode [ 'lib/protos/peer/peer.proto', 436, 438 ]
495 silly gunzTarPerm extractEntry lib/protos/peer/proposal_response.proto
496 silly gunzTarPerm modified mode [ 'lib/protos/peer/proposal_response.proto', 436, 438 ]
497 silly gunzTarPerm extractEntry lib/protos/peer/proposal.proto
498 silly gunzTarPerm modified mode [ 'lib/protos/peer/proposal.proto', 436, 438 ]
499 silly gunzTarPerm extractEntry lib/protos/peer/query.proto
500 silly gunzTarPerm modified mode [ 'lib/protos/peer/query.proto', 436, 438 ]
501 silly gunzTarPerm extractEntry lib/protos/peer/signed_cc_dep_spec.proto
502 silly gunzTarPerm modified mode [ 'lib/protos/peer/signed_cc_dep_spec.proto', 436, 438 ]
503 silly gunzTarPerm extractEntry lib/protos/peer/transaction.proto
504 silly gunzTarPerm modified mode [ 'lib/protos/peer/transaction.proto', 436, 438 ]
505 silly gunzTarPerm extractEntry lib/Remote.js
506 silly gunzTarPerm modified mode [ 'lib/Remote.js', 436, 438 ]
507 silly gunzTarPerm extractEntry lib/TransactionID.js
508 silly gunzTarPerm modified mode [ 'lib/TransactionID.js', 436, 438 ]
509 silly gunzTarPerm extractEntry lib/User.js
510 silly gunzTarPerm modified mode [ 'lib/User.js', 436, 438 ]
511 silly gunzTarPerm extractEntry lib/utils.js
512 silly gunzTarPerm modified mode [ 'lib/utils.js', 436, 438 ]
513 silly gentlyRm E:\hyperledger-asset-transfer\node-backend-server\node_modules\.staging\pkcs11js-9f39a42a\node_modules is being purged
514 verbose gentlyRm don't care about contents; nuking E:\hyperledger-asset-transfer\node-backend-server\node_modules\.staging\pkcs11js-9f39a42a\node_modules
515 silly gentlyRm E:\hyperledger-asset-transfer\node-backend-server\node_modules\.staging\nan-5b533d6e\node_modules is being purged
516 verbose gentlyRm don't care about contents; nuking E:\hyperledger-asset-transfer\node-backend-server\node_modules\.staging\nan-5b533d6e\node_modules
517 silly gentlyRm E:\hyperledger-asset-transfer\node-backend-server\node_modules\.staging\fabric-client-623c7f9a\node_modules is being purged
518 verbose gentlyRm don't care about contents; nuking E:\hyperledger-asset-transfer\node-backend-server\node_modules\.staging\fabric-client-623c7f9a\node_modules
519 silly doParallel preinstall 3
520 silly preinstall nan@2.10.0 E:\hyperledger-asset-transfer\node-backend-server\node_modules\.staging\nan-5b533d6e
521 info lifecycle nan@2.10.0~preinstall: nan@2.10.0
522 silly preinstall pkcs11js@1.0.15 E:\hyperledger-asset-transfer\node-backend-server\node_modules\.staging\pkcs11js-9f39a42a
523 info lifecycle pkcs11js@1.0.15~preinstall: pkcs11js@1.0.15
524 silly preinstall fabric-client@1.1.0 E:\hyperledger-asset-transfer\node-backend-server\node_modules\.staging\fabric-client-623c7f9a
525 info lifecycle fabric-client@1.1.0~preinstall: fabric-client@1.1.0
526 silly lifecycle nan@2.10.0~preinstall: no script for preinstall, continuing
527 silly lifecycle pkcs11js@1.0.15~preinstall: no script for preinstall, continuing
528 silly lifecycle fabric-client@1.1.0~preinstall: no script for preinstall, continuing
529 silly doReverseSerial remove 0
530 silly doSerial move 0
531 silly doSerial finalize 3
532 silly finalize E:\hyperledger-asset-transfer\node-backend-server\node_modules\pkcs11js\node_modules\nan
533 silly finalize E:\hyperledger-asset-transfer\node-backend-server\node_modules\pkcs11js
534 silly finalize E:\hyperledger-asset-transfer\node-backend-server\node_modules\fabric-client
535 silly doSerial build 3
536 silly build nan@2.10.0
537 info linkStuff nan@2.10.0
538 silly linkStuff nan@2.10.0 has E:\hyperledger-asset-transfer\node-backend-server\node_modules\pkcs11js\node_modules as its parent node_modules
539 verbose linkBins nan@2.10.0
540 verbose linkMans nan@2.10.0
541 silly build pkcs11js@1.0.15
542 info linkStuff pkcs11js@1.0.15
543 silly linkStuff pkcs11js@1.0.15 has E:\hyperledger-asset-transfer\node-backend-server\node_modules as its parent node_modules
544 verbose linkBins pkcs11js@1.0.15
545 verbose linkMans pkcs11js@1.0.15
546 silly build fabric-client@1.1.0
547 info linkStuff fabric-client@1.1.0
548 silly linkStuff fabric-client@1.1.0 has E:\hyperledger-asset-transfer\node-backend-server\node_modules as its parent node_modules
549 verbose linkBins fabric-client@1.1.0
550 verbose linkMans fabric-client@1.1.0
551 silly doSerial global-link 0
552 silly doParallel update-linked 0
553 silly doSerial install 3
554 silly install nan@2.10.0 E:\hyperledger-asset-transfer\node-backend-server\node_modules\.staging\nan-5b533d6e
555 info lifecycle nan@2.10.0~install: nan@2.10.0
556 silly lifecycle nan@2.10.0~install: no script for install, continuing
557 silly install pkcs11js@1.0.15 E:\hyperledger-asset-transfer\node-backend-server\node_modules\.staging\pkcs11js-9f39a42a
558 info lifecycle pkcs11js@1.0.15~install: pkcs11js@1.0.15
559 verbose lifecycle pkcs11js@1.0.15~install: unsafe-perm in lifecycle true
560 verbose lifecycle pkcs11js@1.0.15~install: PATH: C:\Program Files\nodejs\node_modules\npm\bin\node-gyp-bin;E:\hyperledger-asset-transfer\node-backend-server\node_modules\pkcs11js\node_modules\.bin;E:\hyperledger-asset-transfer\node-backend-server\node_modules\.bin;C:\Users\Shubham\bin;C:\Program Files\Git\mingw64\bin;C:\Program Files\Git\usr\local\bin;C:\Program Files\Git\usr\bin;C:\Program Files\Git\usr\bin;C:\Program Files\Git\mingw64\bin;C:\Program Files\Git\usr\bin;C:\Users\Shubham\bin;C:\ProgramData\Oracle\Java\javapath;C:\Program Files (x86)\Intel\iCLS Client;C:\Program Files\Intel\iCLS Client;C:\Windows\system32;C:\Windows;C:\Windows\System32\Wbem;C:\Windows\System32\WindowsPowerShell\v1.0;C:\Program Files\Intel\Intel(R) Management Engine Components\DAL;C:\Program Files\Intel\Intel(R) Management Engine Components\IPT;C:\Program Files (x86)\Intel\Intel(R) Management Engine Components\DAL;C:\Program Files (x86)\Intel\Intel(R) Management Engine Components\IPT;C:\Program Files (x86)\Brackets\command;C:\Program Files\Git\cmd;C:\Program Files\nodejs;C:\Program Files\nodejs;C:\bin;C:\Users\Shubham\AppData\Roaming\npm;C:\Program Files\Docker Toolbox;D:\android-studio\jre\bin;C:\Users\Shubham\Downloads\apache-maven-3.5.2\bin;C:\Program Files\Java\jdk1.8.0_144\bin;C:\Program Files\Git\usr\bin\vendor_perl;C:\Program Files\Git\usr\bin\core_perl
561 verbose lifecycle pkcs11js@1.0.15~install: CWD: E:\hyperledger-asset-transfer\node-backend-server\node_modules\pkcs11js
562 silly lifecycle pkcs11js@1.0.15~install: Args: [ '/d /s /c', 'node-gyp rebuild' ]
563 silly lifecycle pkcs11js@1.0.15~install: Returned: code: 1  signal: null
564 info lifecycle pkcs11js@1.0.15~install: Failed to exec install script
565 verbose unlock done using C:\Users\Shubham\AppData\Roaming\npm-cache\_locks\staging-005b95b563915247.lock for E:\hyperledger-asset-transfer\node-backend-server\node_modules\.staging
566 silly rollbackFailedOptional Starting
567 silly rollbackFailedOptional Finishing
568 silly runTopLevelLifecycles Finishing
569 silly install printInstalled
570 warn assetmanagement_server@1.0.0 No repository field.
571 verbose If you need help, you may report this error at:
571 verbose     <https://github.com/npm/npm/issues>
572 verbose stack Error: pkcs11js@1.0.15 install: `node-gyp rebuild`
572 verbose stack Exit status 1
572 verbose stack     at EventEmitter.<anonymous> (C:\Program Files\nodejs\node_modules\npm\lib\utils\lifecycle.js:255:16)
572 verbose stack     at emitTwo (events.js:106:13)
572 verbose stack     at EventEmitter.emit (events.js:191:7)
572 verbose stack     at ChildProcess.<anonymous> (C:\Program Files\nodejs\node_modules\npm\lib\utils\spawn.js:40:14)
572 verbose stack     at emitTwo (events.js:106:13)
572 verbose stack     at ChildProcess.emit (events.js:191:7)
572 verbose stack     at maybeClose (internal/child_process.js:920:16)
572 verbose stack     at Process.ChildProcess._handle.onexit (internal/child_process.js:230:5)
573 verbose pkgid pkcs11js@1.0.15
574 verbose cwd E:\hyperledger-asset-transfer\node-backend-server
575 error Windows_NT 6.2.9200
576 error argv "C:\\Program Files\\nodejs\\node.exe" "C:\\Program Files\\nodejs\\node_modules\\npm\\bin\\npm-cli.js" "install" "fabric-client@v1.1.0" "--save"
577 error node v6.11.4
578 error npm  v3.10.10
579 error code ELIFECYCLE
580 error pkcs11js@1.0.15 install: `node-gyp rebuild`
580 error Exit status 1
581 error Failed at the pkcs11js@1.0.15 install script 'node-gyp rebuild'.
581 error Make sure you have the latest version of node.js and npm installed.
581 error If you do, this is most likely a problem with the pkcs11js package,
581 error not with npm itself.
581 error Tell the author that this fails on your system:
581 error     node-gyp rebuild
581 error You can get information on how to open an issue for this project with:
581 error     npm bugs pkcs11js
581 error Or if that isn't available, you can get their info via:
581 error     npm owner ls pkcs11js
581 error There is likely additional logging output above.
582 verbose exit [ 1, true ]
